RUN	gatlingdemo.GatlingSimulation		gatlingsimulation	1526392940674	 	2.0
USER	Get all Cars	1	START	1526392941431	1526392941431
USER	Get Car by VIN	11	START	1526392941465	1526392941465
REQUEST	Get all Cars	1		get_all	1526392941454	1526392941481	OK	 
REQUEST	Get Car by VIN	11		get_by_vin	1526392941466	1526392941544	OK	 
USER	Get all Cars	2	START	1526392941673	1526392941673
REQUEST	Get all Cars	2		get_all	1526392941673	1526392941683	OK	 
USER	Get Car by VIN	12	START	1526392941793	1526392941793
REQUEST	Get Car by VIN	12		get_by_vin	1526392941793	1526392941804	OK	 
USER	Get all Cars	3	START	1526392941870	1526392941870
REQUEST	Get all Cars	3		get_all	1526392941871	1526392941892	OK	 
USER	Get all Cars	4	START	1526392942071	1526392942071
REQUEST	Get all Cars	4		get_all	1526392942071	1526392942094	OK	 
USER	Get Car by VIN	13	START	1526392942126	1526392942126
REQUEST	Get Car by VIN	13		get_by_vin	1526392942127	1526392942136	OK	 
USER	Get all Cars	5	START	1526392942276	1526392942276
REQUEST	Get all Cars	5		get_all	1526392942277	1526392942287	OK	 
USER	Get Car by VIN	14	START	1526392942460	1526392942460
USER	Get all Cars	6	START	1526392942472	1526392942472
REQUEST	Get Car by VIN	14		get_by_vin	1526392942461	1526392942491	OK	 
REQUEST	Get all Cars	6		get_all	1526392942473	1526392942494	OK	 
USER	Get Car by VIN	11	END	1526392941465	1526392942557
USER	Get all Cars	7	START	1526392942675	1526392942675
REQUEST	Get all Cars	7		get_all	1526392942675	1526392942684	OK	 
USER	Get Car by VIN	15	START	1526392942793	1526392942793
REQUEST	Get Car by VIN	15		get_by_vin	1526392942794	1526392942803	OK	 
USER	Get Car by VIN	12	END	1526392941793	1526392942826
USER	Get all Cars	8	START	1526392942872	1526392942872
REQUEST	Get all Cars	8		get_all	1526392942873	1526392942887	OK	 
USER	Get all Cars	9	START	1526392943076	1526392943076
REQUEST	Get all Cars	9		get_all	1526392943076	1526392943104	OK	 
USER	Get Car by VIN	16	START	1526392943124	1526392943124
REQUEST	Get Car by VIN	16		get_by_vin	1526392943124	1526392943141	OK	 
USER	Get Car by VIN	13	END	1526392942126	1526392943156
USER	Get all Cars	10	START	1526392943271	1526392943271
REQUEST	Get all Cars	10		get_all	1526392943271	1526392943279	OK	 
USER	Get all Cars	18	START	1526392943442	1526392943442
REQUEST	Get all Cars	18		get_all	1526392943442	1526392943456	OK	 
USER	Get Car by VIN	17	START	1526392943463	1526392943463
REQUEST	Get Car by VIN	17		get_by_vin	1526392943463	1526392943472	OK	 
USER	Get Car by VIN	14	END	1526392942460	1526392943504
USER	Get all Cars	19	START	1526392943656	1526392943656
REQUEST	Get all Cars	19		get_all	1526392943656	1526392943667	OK	 
USER	Get Car by VIN	24	START	1526392943781	1526392943781
REQUEST	Get Car by VIN	24		get_by_vin	1526392943781	1526392943793	OK	 
USER	Get Car by VIN	15	END	1526392942793	1526392943822
USER	Get all Cars	20	START	1526392943853	1526392943853
REQUEST	Get all Cars	20		get_all	1526392943853	1526392943859	OK	 
USER	Get all Cars	21	START	1526392944055	1526392944055
REQUEST	Get all Cars	21		get_all	1526392944056	1526392944067	OK	 
USER	Get Car by VIN	25	START	1526392944112	1526392944112
REQUEST	Get Car by VIN	25		get_by_vin	1526392944112	1526392944120	OK	 
USER	Get Car by VIN	16	END	1526392943124	1526392944155
USER	Get all Cars	22	START	1526392944252	1526392944252
REQUEST	Get all Cars	22		get_all	1526392944253	1526392944259	OK	 
USER	Get Car by VIN	26	START	1526392944453	1526392944453
USER	Get all Cars	23	START	1526392944453	1526392944453
REQUEST	Get Car by VIN	26		get_by_vin	1526392944453	1526392944461	OK	 
REQUEST	Get all Cars	23		get_all	1526392944453	1526392944468	OK	 
USER	Get Car by VIN	17	END	1526392943463	1526392944484
USER	Get all Cars	27	START	1526392944651	1526392944651
REQUEST	Get all Cars	27		get_all	1526392944651	1526392944665	OK	 
USER	Get Car by VIN	32	START	1526392944782	1526392944782
REQUEST	Get Car by VIN	32		get_by_vin	1526392944782	1526392944791	OK	 
USER	Get Car by VIN	24	END	1526392943781	1526392944803
USER	Get all Cars	28	START	1526392944855	1526392944855
REQUEST	Get all Cars	28		get_all	1526392944855	1526392944861	OK	 
USER	Get all Cars	29	START	1526392945053	1526392945053
REQUEST	Get all Cars	29		get_all	1526392945054	1526392945073	OK	 
USER	Get Car by VIN	33	START	1526392945111	1526392945111
REQUEST	Get Car by VIN	33		get_by_vin	1526392945111	1526392945118	OK	 
USER	Get Car by VIN	25	END	1526392944112	1526392945133
USER	Get all Cars	30	START	1526392945252	1526392945252
REQUEST	Get all Cars	30		get_all	1526392945252	1526392945263	OK	 
USER	Get Car by VIN	34	START	1526392945455	1526392945455
USER	Get all Cars	31	START	1526392945455	1526392945455
REQUEST	Get all Cars	31		get_all	1526392945456	1526392945469	OK	 
REQUEST	Get Car by VIN	34		get_by_vin	1526392945456	1526392945470	OK	 
USER	Get Car by VIN	26	END	1526392944453	1526392945471
USER	Get all Cars	35	START	1526392945655	1526392945655
REQUEST	Get all Cars	35		get_all	1526392945656	1526392945664	OK	 
USER	Get Car by VIN	40	START	1526392945783	1526392945783
REQUEST	Get Car by VIN	40		get_by_vin	1526392945783	1526392945794	OK	 
USER	Get Car by VIN	32	END	1526392944782	1526392945801
USER	Get all Cars	36	START	1526392945851	1526392945851
REQUEST	Get all Cars	36		get_all	1526392945852	1526392945858	OK	 
USER	Get all Cars	37	START	1526392946056	1526392946056
REQUEST	Get all Cars	37		get_all	1526392946058	1526392946079	OK	 
USER	Get Car by VIN	41	START	1526392946114	1526392946114
USER	Get Car by VIN	33	END	1526392945111	1526392946136
REQUEST	Get Car by VIN	41		get_by_vin	1526392946114	1526392946171	OK	 
USER	Get all Cars	38	START	1526392946255	1526392946255
REQUEST	Get all Cars	38		get_all	1526392946255	1526392946261	OK	 
USER	Get Car by VIN	42	START	1526392946455	1526392946455
USER	Get all Cars	39	START	1526392946453	1526392946453
REQUEST	Get all Cars	39		get_all	1526392946453	1526392946471	OK	 
REQUEST	Get Car by VIN	42		get_by_vin	1526392946455	1526392946472	OK	 
USER	Get Car by VIN	34	END	1526392945455	1526392946484
USER	Get all Cars	1	END	1526392941431	1526392946495
USER	Get all Cars	43	START	1526392946655	1526392946655
REQUEST	Get all Cars	43		get_all	1526392946655	1526392946663	OK	 
USER	Get all Cars	2	END	1526392941673	1526392946702
USER	Get Car by VIN	48	START	1526392946785	1526392946785
REQUEST	Get Car by VIN	48		get_by_vin	1526392946785	1526392946791	OK	 
USER	Get Car by VIN	40	END	1526392945783	1526392946801
USER	Get all Cars	44	START	1526392946850	1526392946850
REQUEST	Get all Cars	44		get_all	1526392946851	1526392946857	OK	 
USER	Get all Cars	3	END	1526392941870	1526392946902
USER	Get all Cars	45	START	1526392947052	1526392947052
REQUEST	Get all Cars	45		get_all	1526392947052	1526392947062	OK	 
USER	Get all Cars	4	END	1526392942071	1526392947111
USER	Get Car by VIN	49	START	1526392947110	1526392947110
REQUEST	Get Car by VIN	49		get_by_vin	1526392947111	1526392947119	OK	 
USER	Get Car by VIN	41	END	1526392946114	1526392947193
USER	Get all Cars	46	START	1526392947255	1526392947255
REQUEST	Get all Cars	46		get_all	1526392947255	1526392947263	OK	 
USER	Get all Cars	5	END	1526392942276	1526392947301
USER	Get all Cars	47	START	1526392947453	1526392947453
USER	Get Car by VIN	50	START	1526392947453	1526392947453
REQUEST	Get all Cars	47		get_all	1526392947454	1526392947465	OK	 
REQUEST	Get Car by VIN	50		get_by_vin	1526392947454	1526392947467	OK	 
USER	Get Car by VIN	42	END	1526392946455	1526392947481
USER	Get all Cars	6	END	1526392942472	1526392947512
USER	Get all Cars	51	START	1526392947652	1526392947652
REQUEST	Get all Cars	51		get_all	1526392947652	1526392947661	OK	 
USER	Get all Cars	7	END	1526392942675	1526392947694
USER	Get Car by VIN	56	START	1526392947782	1526392947782
REQUEST	Get Car by VIN	56		get_by_vin	1526392947782	1526392947789	OK	 
USER	Get Car by VIN	48	END	1526392946785	1526392947803
USER	Get all Cars	52	START	1526392947855	1526392947855
REQUEST	Get all Cars	52		get_all	1526392947855	1526392947864	OK	 
USER	Get all Cars	8	END	1526392942872	1526392947901
USER	Get all Cars	53	START	1526392948053	1526392948053
REQUEST	Get all Cars	53		get_all	1526392948054	1526392948060	OK	 
USER	Get Car by VIN	57	START	1526392948110	1526392948110
REQUEST	Get Car by VIN	57		get_by_vin	1526392948111	1526392948116	OK	 
USER	Get all Cars	9	END	1526392943076	1526392948121
USER	Get Car by VIN	49	END	1526392947110	1526392948132
USER	Get all Cars	54	START	1526392948250	1526392948250
REQUEST	Get all Cars	54		get_all	1526392948251	1526392948261	OK	 
USER	Get all Cars	10	END	1526392943271	1526392948292
USER	Get all Cars	55	START	1526392948451	1526392948451
USER	Get Car by VIN	58	START	1526392948451	1526392948451
REQUEST	Get all Cars	55		get_all	1526392948451	1526392948461	OK	 
REQUEST	Get Car by VIN	58		get_by_vin	1526392948451	1526392948462	OK	 
USER	Get all Cars	18	END	1526392943442	1526392948473
USER	Get Car by VIN	50	END	1526392947453	1526392948473
USER	Get all Cars	59	START	1526392948650	1526392948650
REQUEST	Get all Cars	59		get_all	1526392948651	1526392948660	OK	 
USER	Get all Cars	19	END	1526392943656	1526392948683
USER	Get Car by VIN	64	START	1526392948780	1526392948780
REQUEST	Get Car by VIN	64		get_by_vin	1526392948781	1526392948790	OK	 
USER	Get Car by VIN	56	END	1526392947782	1526392948802
USER	Get all Cars	60	START	1526392948853	1526392948853
REQUEST	Get all Cars	60		get_all	1526392948853	1526392948861	OK	 
USER	Get all Cars	20	END	1526392943853	1526392948874
USER	Get all Cars	61	START	1526392949051	1526392949051
USER	Get all Cars	21	END	1526392944055	1526392949071
REQUEST	Get all Cars	61		get_all	1526392949051	1526392949087	OK	 
USER	Get Car by VIN	65	START	1526392949125	1526392949125
REQUEST	Get Car by VIN	65		get_by_vin	1526392949125	1526392949132	OK	 
USER	Get Car by VIN	57	END	1526392948110	1526392949136
USER	Get all Cars	62	START	1526392949250	1526392949250
REQUEST	Get all Cars	62		get_all	1526392949251	1526392949258	OK	 
USER	Get all Cars	22	END	1526392944252	1526392949272
USER	Get Car by VIN	66	START	1526392949453	1526392949453
USER	Get all Cars	63	START	1526392949453	1526392949453
REQUEST	Get all Cars	63		get_all	1526392949457	1526392949478	OK	 
REQUEST	Get Car by VIN	66		get_by_vin	1526392949454	1526392949480	OK	 
USER	Get all Cars	23	END	1526392944453	1526392949485
USER	Get Car by VIN	58	END	1526392948451	1526392949485
USER	Get all Cars	67	START	1526392949655	1526392949655
REQUEST	Get all Cars	67		get_all	1526392949656	1526392949673	OK	 
USER	Get all Cars	27	END	1526392944651	1526392949682
USER	Get Car by VIN	72	START	1526392949781	1526392949781
REQUEST	Get Car by VIN	72		get_by_vin	1526392949781	1526392949789	OK	 
USER	Get Car by VIN	64	END	1526392948780	1526392949802
USER	Get all Cars	68	START	1526392949850	1526392949850
REQUEST	Get all Cars	68		get_all	1526392949851	1526392949860	OK	 
USER	Get all Cars	28	END	1526392944855	1526392949871
USER	Get all Cars	69	START	1526392950052	1526392950052
REQUEST	Get all Cars	69		get_all	1526392950052	1526392950059	OK	 
USER	Get all Cars	29	END	1526392945053	1526392950083
USER	Get Car by VIN	73	START	1526392950114	1526392950114
REQUEST	Get Car by VIN	73		get_by_vin	1526392950114	1526392950127	OK	 
USER	Get Car by VIN	65	END	1526392949125	1526392950145
USER	Get all Cars	70	START	1526392950252	1526392950252
REQUEST	Get all Cars	70		get_all	1526392950252	1526392950263	OK	 
USER	Get all Cars	30	END	1526392945252	1526392950283
USER	Get all Cars	71	START	1526392950454	1526392950454
USER	Get Car by VIN	74	START	1526392950454	1526392950454
USER	Get all Cars	31	END	1526392945455	1526392950475
REQUEST	Get all Cars	71		get_all	1526392950454	1526392950474	OK	 
REQUEST	Get Car by VIN	74		get_by_vin	1526392950454	1526392950481	OK	 
USER	Get Car by VIN	66	END	1526392949453	1526392950496
USER	Get all Cars	75	START	1526392950653	1526392950653
REQUEST	Get all Cars	75		get_all	1526392950653	1526392950661	OK	 
USER	Get all Cars	35	END	1526392945655	1526392950673
USER	Get Car by VIN	79	START	1526392950780	1526392950780
REQUEST	Get Car by VIN	79		get_by_vin	1526392950781	1526392950788	OK	 
USER	Get Car by VIN	72	END	1526392949781	1526392950801
USER	Get all Cars	76	START	1526392950853	1526392950853
REQUEST	Get all Cars	76		get_all	1526392950854	1526392950860	OK	 
USER	Get all Cars	36	END	1526392945851	1526392950874
USER	Get all Cars	77	START	1526392951050	1526392951050
REQUEST	Get all Cars	77		get_all	1526392951051	1526392951061	OK	 
USER	Get all Cars	37	END	1526392946056	1526392951092
USER	Get Car by VIN	80	START	1526392951114	1526392951114
REQUEST	Get Car by VIN	80		get_by_vin	1526392951114	1526392951126	OK	 
USER	Get Car by VIN	73	END	1526392950114	1526392951141
USER	Get all Cars	78	START	1526392951256	1526392951256
REQUEST	Get all Cars	78		get_all	1526392951256	1526392951264	OK	 
USER	Get all Cars	38	END	1526392946255	1526392951271
USER	Get Car by VIN	81	START	1526392951456	1526392951456
REQUEST	Get Car by VIN	81		get_by_vin	1526392951457	1526392951471	OK	 
USER	Get all Cars	39	END	1526392946453	1526392951481
USER	Get Car by VIN	74	END	1526392950454	1526392951492
USER	Get all Cars	43	END	1526392946655	1526392951675
USER	Get Car by VIN	82	START	1526392951784	1526392951784
REQUEST	Get Car by VIN	82		get_by_vin	1526392951785	1526392951800	OK	 
USER	Get Car by VIN	79	END	1526392950780	1526392951805
USER	Get all Cars	44	END	1526392946850	1526392951871
USER	Get all Cars	45	END	1526392947052	1526392952086
USER	Get Car by VIN	83	START	1526392952111	1526392952111
REQUEST	Get Car by VIN	83		get_by_vin	1526392952111	1526392952127	OK	 
USER	Get Car by VIN	80	END	1526392951114	1526392952141
USER	Get all Cars	46	END	1526392947255	1526392952271
USER	Get Car by VIN	84	START	1526392952443	1526392952443
REQUEST	Get Car by VIN	84		get_by_vin	1526392952444	1526392952454	OK	 
USER	Get all Cars	47	END	1526392947453	1526392952471
USER	Get Car by VIN	81	END	1526392951456	1526392952491
USER	Get all Cars	51	END	1526392947652	1526392952675
USER	Get Car by VIN	85	START	1526392952783	1526392952783
REQUEST	Get Car by VIN	85		get_by_vin	1526392952784	1526392952791	OK	 
USER	Get Car by VIN	82	END	1526392951784	1526392952815
USER	Get all Cars	52	END	1526392947855	1526392952872
USER	Get all Cars	53	END	1526392948053	1526392953074
USER	Get Car by VIN	86	START	1526392953114	1526392953114
REQUEST	Get Car by VIN	86		get_by_vin	1526392953114	1526392953138	OK	 
USER	Get Car by VIN	83	END	1526392952111	1526392953141
USER	Get all Cars	54	END	1526392948250	1526392953281
USER	Get Car by VIN	87	START	1526392953452	1526392953452
USER	Get Car by VIN	84	END	1526392952443	1526392953464
REQUEST	Get Car by VIN	87		get_by_vin	1526392953453	1526392953468	OK	 
USER	Get all Cars	55	END	1526392948451	1526392953474
USER	Get all Cars	59	END	1526392948650	1526392953681
USER	Get Car by VIN	88	START	1526392953785	1526392953785
REQUEST	Get Car by VIN	88		get_by_vin	1526392953785	1526392953791	OK	 
USER	Get Car by VIN	85	END	1526392952783	1526392953801
USER	Get all Cars	60	END	1526392948853	1526392953871
USER	Get all Cars	61	END	1526392949051	1526392954105
USER	Get Car by VIN	89	START	1526392954116	1526392954116
REQUEST	Get Car by VIN	89		get_by_vin	1526392954116	1526392954126	OK	 
USER	Get Car by VIN	86	END	1526392953114	1526392954152
USER	Get all Cars	62	END	1526392949250	1526392954271
USER	Get Car by VIN	90	START	1526392954454	1526392954454
REQUEST	Get Car by VIN	90		get_by_vin	1526392954454	1526392954461	OK	 
USER	Get Car by VIN	87	END	1526392953452	1526392954485
USER	Get all Cars	63	END	1526392949453	1526392954495
USER	Get all Cars	67	END	1526392949655	1526392954691
USER	Get Car by VIN	91	START	1526392954785	1526392954785
REQUEST	Get Car by VIN	91		get_by_vin	1526392954786	1526392954793	OK	 
USER	Get Car by VIN	88	END	1526392953785	1526392954801
USER	Get all Cars	68	END	1526392949850	1526392954873
USER	Get all Cars	69	END	1526392950052	1526392955071
USER	Get Car by VIN	92	START	1526392955113	1526392955113
REQUEST	Get Car by VIN	92		get_by_vin	1526392955113	1526392955119	OK	 
USER	Get Car by VIN	89	END	1526392954116	1526392955144
USER	Get all Cars	70	END	1526392950252	1526392955285
USER	Get Car by VIN	93	START	1526392955451	1526392955451
REQUEST	Get Car by VIN	93		get_by_vin	1526392955452	1526392955460	OK	 
USER	Get Car by VIN	90	END	1526392954454	1526392955476
USER	Get all Cars	71	END	1526392950454	1526392955491
USER	Get all Cars	75	END	1526392950653	1526392955672
USER	Get Car by VIN	94	START	1526392955780	1526392955780
REQUEST	Get Car by VIN	94		get_by_vin	1526392955781	1526392955789	OK	 
USER	Get Car by VIN	91	END	1526392954785	1526392955801
USER	Get all Cars	76	END	1526392950853	1526392955872
USER	Get all Cars	77	END	1526392951050	1526392956075
USER	Get Car by VIN	95	START	1526392956121	1526392956121
REQUEST	Get Car by VIN	95		get_by_vin	1526392956121	1526392956128	OK	 
USER	Get Car by VIN	92	END	1526392955113	1526392956132
USER	Get all Cars	78	END	1526392951256	1526392956281
USER	Get Car by VIN	96	START	1526392956453	1526392956453
REQUEST	Get Car by VIN	96		get_by_vin	1526392956454	1526392956460	OK	 
USER	Get Car by VIN	93	END	1526392955451	1526392956474
USER	Get Car by VIN	97	START	1526392956781	1526392956781
REQUEST	Get Car by VIN	97		get_by_vin	1526392956781	1526392956791	OK	 
USER	Get Car by VIN	94	END	1526392955780	1526392956797
USER	Get Car by VIN	98	START	1526392957111	1526392957111
REQUEST	Get Car by VIN	98		get_by_vin	1526392957111	1526392957123	OK	 
USER	Get Car by VIN	95	END	1526392956121	1526392957142
USER	Get Car by VIN	99	START	1526392957452	1526392957452
REQUEST	Get Car by VIN	99		get_by_vin	1526392957452	1526392957460	OK	 
USER	Get Car by VIN	96	END	1526392956453	1526392957474
USER	Get Car by VIN	100	START	1526392957783	1526392957783
REQUEST	Get Car by VIN	100		get_by_vin	1526392957784	1526392957793	OK	 
USER	Get Car by VIN	97	END	1526392956781	1526392957815
USER	Get Car by VIN	101	START	1526392958115	1526392958115
REQUEST	Get Car by VIN	101		get_by_vin	1526392958116	1526392958139	OK	 
USER	Get Car by VIN	98	END	1526392957111	1526392958142
USER	Get Car by VIN	102	START	1526392958454	1526392958454
REQUEST	Get Car by VIN	102		get_by_vin	1526392958455	1526392958465	OK	 
USER	Get Car by VIN	99	END	1526392957452	1526392958471
USER	Get Car by VIN	103	START	1526392958780	1526392958780
REQUEST	Get Car by VIN	103		get_by_vin	1526392958781	1526392958788	OK	 
USER	Get Car by VIN	100	END	1526392957783	1526392958802
USER	Get Car by VIN	104	START	1526392959110	1526392959110
REQUEST	Get Car by VIN	104		get_by_vin	1526392959111	1526392959118	OK	 
USER	Get Car by VIN	101	END	1526392958115	1526392959152
USER	Get Car by VIN	105	START	1526392959452	1526392959452
REQUEST	Get Car by VIN	105		get_by_vin	1526392959453	1526392959460	OK	 
USER	Get Car by VIN	102	END	1526392958454	1526392959475
USER	Get Car by VIN	106	START	1526392959780	1526392959780
REQUEST	Get Car by VIN	106		get_by_vin	1526392959781	1526392959789	OK	 
USER	Get Car by VIN	103	END	1526392958780	1526392959801
USER	Get Car by VIN	107	START	1526392960111	1526392960111
REQUEST	Get Car by VIN	107		get_by_vin	1526392960111	1526392960121	OK	 
USER	Get Car by VIN	104	END	1526392959110	1526392960132
USER	Get Car by VIN	108	START	1526392960453	1526392960453
REQUEST	Get Car by VIN	108		get_by_vin	1526392960453	1526392960463	OK	 
USER	Get Car by VIN	105	END	1526392959452	1526392960475
USER	Get Car by VIN	109	START	1526392960785	1526392960785
REQUEST	Get Car by VIN	109		get_by_vin	1526392960785	1526392960798	OK	 
USER	Get Car by VIN	106	END	1526392959780	1526392960801
USER	Get Car by VIN	110	START	1526392961110	1526392961110
REQUEST	Get Car by VIN	110		get_by_vin	1526392961111	1526392961117	OK	 
USER	Get Car by VIN	107	END	1526392960111	1526392961131
USER	Get Car by VIN	111	START	1526392961455	1526392961455
REQUEST	Get Car by VIN	111		get_by_vin	1526392961455	1526392961464	OK	 
USER	Get Car by VIN	108	END	1526392960453	1526392961476
USER	Get Car by VIN	112	START	1526392961781	1526392961781
REQUEST	Get Car by VIN	112		get_by_vin	1526392961781	1526392961792	OK	 
USER	Get Car by VIN	109	END	1526392960785	1526392961804
USER	Get Car by VIN	113	START	1526392962111	1526392962111
REQUEST	Get Car by VIN	113		get_by_vin	1526392962111	1526392962118	OK	 
USER	Get Car by VIN	110	END	1526392961110	1526392962121
USER	Get Car by VIN	114	START	1526392962452	1526392962452
REQUEST	Get Car by VIN	114		get_by_vin	1526392962453	1526392962468	OK	 
USER	Get Car by VIN	111	END	1526392961455	1526392962475
USER	Get Car by VIN	115	START	1526392962786	1526392962786
USER	Get Car by VIN	112	END	1526392961781	1526392962801
REQUEST	Get Car by VIN	115		get_by_vin	1526392962787	1526392962811	OK	 
USER	Get Car by VIN	116	START	1526392963111	1526392963111
REQUEST	Get Car by VIN	116		get_by_vin	1526392963111	1526392963130	OK	 
USER	Get Car by VIN	113	END	1526392962111	1526392963132
USER	Get Car by VIN	117	START	1526392963453	1526392963453
REQUEST	Get Car by VIN	117		get_by_vin	1526392963453	1526392963467	OK	 
USER	Get Car by VIN	114	END	1526392962452	1526392963485
USER	Get Car by VIN	118	START	1526392963783	1526392963783
REQUEST	Get Car by VIN	118		get_by_vin	1526392963784	1526392963805	OK	 
USER	Get Car by VIN	115	END	1526392962786	1526392963835
USER	Get Car by VIN	119	START	1526392964110	1526392964110
REQUEST	Get Car by VIN	119		get_by_vin	1526392964111	1526392964129	OK	 
USER	Get Car by VIN	116	END	1526392963111	1526392964143
USER	Get Car by VIN	120	START	1526392964454	1526392964454
REQUEST	Get Car by VIN	120		get_by_vin	1526392964455	1526392964463	OK	 
USER	Get Car by VIN	117	END	1526392963453	1526392964482
USER	Get Car by VIN	121	START	1526392964783	1526392964783
REQUEST	Get Car by VIN	121		get_by_vin	1526392964784	1526392964798	OK	 
USER	Get Car by VIN	118	END	1526392963783	1526392964826
USER	Get Car by VIN	122	START	1526392965114	1526392965114
REQUEST	Get Car by VIN	122		get_by_vin	1526392965115	1526392965136	OK	 
USER	Get Car by VIN	119	END	1526392964110	1526392965147
USER	Get Car by VIN	123	START	1526392965455	1526392965455
USER	Get Car by VIN	120	END	1526392964454	1526392965474
REQUEST	Get Car by VIN	123		get_by_vin	1526392965455	1526392965495	OK	 
USER	Get Car by VIN	124	START	1526392965780	1526392965780
REQUEST	Get Car by VIN	124		get_by_vin	1526392965781	1526392965802	OK	 
USER	Get Car by VIN	121	END	1526392964783	1526392965814
USER	Get Car by VIN	125	START	1526392966114	1526392966114
REQUEST	Get Car by VIN	125		get_by_vin	1526392966115	1526392966133	OK	 
USER	Get Car by VIN	122	END	1526392965114	1526392966151
USER	Get Car by VIN	126	START	1526392966454	1526392966454
REQUEST	Get Car by VIN	126		get_by_vin	1526392966454	1526392966462	OK	 
USER	Get Car by VIN	123	END	1526392965455	1526392966507
USER	Get Car by VIN	127	START	1526392966785	1526392966785
REQUEST	Get Car by VIN	127		get_by_vin	1526392966786	1526392966807	OK	 
USER	Get Car by VIN	124	END	1526392965780	1526392966821
USER	Get Car by VIN	128	START	1526392967110	1526392967110
REQUEST	Get Car by VIN	128		get_by_vin	1526392967111	1526392967119	OK	 
USER	Get Car by VIN	125	END	1526392966114	1526392967142
USER	Get Car by VIN	129	START	1526392967452	1526392967452
REQUEST	Get Car by VIN	129		get_by_vin	1526392967453	1526392967461	OK	 
USER	Get Car by VIN	126	END	1526392966454	1526392967474
USER	Get Car by VIN	130	START	1526392967781	1526392967781
REQUEST	Get Car by VIN	130		get_by_vin	1526392967781	1526392967788	OK	 
USER	Get Car by VIN	127	END	1526392966785	1526392967813
USER	Get Car by VIN	131	START	1526392968125	1526392968125
REQUEST	Get Car by VIN	131		get_by_vin	1526392968125	1526392968134	OK	 
USER	Get Car by VIN	128	END	1526392967110	1526392968135
USER	Get Car by VIN	132	START	1526392968452	1526392968452
REQUEST	Get Car by VIN	132		get_by_vin	1526392968452	1526392968461	OK	 
USER	Get Car by VIN	129	END	1526392967452	1526392968473
USER	Get Car by VIN	133	START	1526392968783	1526392968783
REQUEST	Get Car by VIN	133		get_by_vin	1526392968783	1526392968800	OK	 
USER	Get Car by VIN	130	END	1526392967781	1526392968803
USER	Get Car by VIN	134	START	1526392969121	1526392969121
REQUEST	Get Car by VIN	134		get_by_vin	1526392969121	1526392969139	OK	 
USER	Get Car by VIN	131	END	1526392968125	1526392969142
USER	Get Car by VIN	135	START	1526392969455	1526392969455
REQUEST	Get Car by VIN	135		get_by_vin	1526392969455	1526392969470	OK	 
USER	Get Car by VIN	132	END	1526392968452	1526392969471
USER	Get Car by VIN	136	START	1526392969785	1526392969785
REQUEST	Get Car by VIN	136		get_by_vin	1526392969785	1526392969797	OK	 
USER	Get Car by VIN	133	END	1526392968783	1526392969815
USER	Get Car by VIN	137	START	1526392970115	1526392970115
REQUEST	Get Car by VIN	137		get_by_vin	1526392970115	1526392970135	OK	 
USER	Get Car by VIN	134	END	1526392969121	1526392970151
USER	Get Car by VIN	138	START	1526392970453	1526392970453
REQUEST	Get Car by VIN	138		get_by_vin	1526392970454	1526392970471	OK	 
USER	Get Car by VIN	135	END	1526392969455	1526392970485
USER	Get Car by VIN	139	START	1526392970783	1526392970783
REQUEST	Get Car by VIN	139		get_by_vin	1526392970784	1526392970798	OK	 
USER	Get Car by VIN	136	END	1526392969785	1526392970817
USER	Get Car by VIN	140	START	1526392971110	1526392971110
REQUEST	Get Car by VIN	140		get_by_vin	1526392971111	1526392971126	OK	 
USER	Get Car by VIN	137	END	1526392970115	1526392971152
USER	Get Car by VIN	141	START	1526392971452	1526392971452
REQUEST	Get Car by VIN	141		get_by_vin	1526392971453	1526392971462	OK	 
USER	Get Car by VIN	138	END	1526392970453	1526392971481
USER	Get Car by VIN	142	START	1526392971780	1526392971780
REQUEST	Get Car by VIN	142		get_by_vin	1526392971781	1526392971796	OK	 
USER	Get Car by VIN	139	END	1526392970783	1526392971813
USER	Get Car by VIN	143	START	1526392972112	1526392972112
REQUEST	Get Car by VIN	143		get_by_vin	1526392972113	1526392972128	OK	 
USER	Get Car by VIN	140	END	1526392971110	1526392972145
USER	Get Car by VIN	144	START	1526392972451	1526392972451
REQUEST	Get Car by VIN	144		get_by_vin	1526392972451	1526392972461	OK	 
USER	Get Car by VIN	141	END	1526392971452	1526392972471
USER	Get Car by VIN	145	START	1526392972784	1526392972784
REQUEST	Get Car by VIN	145		get_by_vin	1526392972784	1526392972802	OK	 
USER	Get Car by VIN	142	END	1526392971780	1526392972815
USER	Get Car by VIN	146	START	1526392973120	1526392973120
REQUEST	Get Car by VIN	146		get_by_vin	1526392973121	1526392973136	OK	 
USER	Get Car by VIN	143	END	1526392972112	1526392973141
USER	Get Car by VIN	147	START	1526392973453	1526392973453
REQUEST	Get Car by VIN	147		get_by_vin	1526392973453	1526392973472	OK	 
USER	Get Car by VIN	144	END	1526392972451	1526392973486
USER	Get Car by VIN	148	START	1526392973783	1526392973783
REQUEST	Get Car by VIN	148		get_by_vin	1526392973783	1526392973792	OK	 
USER	Get Car by VIN	145	END	1526392972784	1526392973814
USER	Get Car by VIN	149	START	1526392974111	1526392974111
REQUEST	Get Car by VIN	149		get_by_vin	1526392974111	1526392974119	OK	 
USER	Get Car by VIN	146	END	1526392973120	1526392974153
USER	Get Car by VIN	150	START	1526392974455	1526392974455
REQUEST	Get Car by VIN	150		get_by_vin	1526392974455	1526392974461	OK	 
USER	Get Car by VIN	147	END	1526392973453	1526392974481
USER	Get Car by VIN	151	START	1526392974784	1526392974784
REQUEST	Get Car by VIN	151		get_by_vin	1526392974785	1526392974790	OK	 
USER	Get Car by VIN	148	END	1526392973783	1526392974801
USER	Get Car by VIN	152	START	1526392975116	1526392975116
REQUEST	Get Car by VIN	152		get_by_vin	1526392975116	1526392975122	OK	 
USER	Get Car by VIN	149	END	1526392974111	1526392975131
USER	Get Car by VIN	153	START	1526392975452	1526392975452
REQUEST	Get Car by VIN	153		get_by_vin	1526392975452	1526392975458	OK	 
USER	Get Car by VIN	150	END	1526392974455	1526392975472
USER	Get Car by VIN	154	START	1526392975785	1526392975785
REQUEST	Get Car by VIN	154		get_by_vin	1526392975785	1526392975791	OK	 
USER	Get Car by VIN	151	END	1526392974784	1526392975801
USER	Get Car by VIN	155	START	1526392976111	1526392976111
REQUEST	Get Car by VIN	155		get_by_vin	1526392976111	1526392976123	OK	 
USER	Get Car by VIN	152	END	1526392975116	1526392976141
USER	Get Car by VIN	156	START	1526392976451	1526392976451
REQUEST	Get Car by VIN	156		get_by_vin	1526392976451	1526392976456	OK	 
USER	Get Car by VIN	153	END	1526392975452	1526392976472
USER	Get Car by VIN	157	START	1526392976783	1526392976783
REQUEST	Get Car by VIN	157		get_by_vin	1526392976783	1526392976790	OK	 
USER	Get Car by VIN	154	END	1526392975785	1526392976804
USER	Get Car by VIN	158	START	1526392977122	1526392977122
REQUEST	Get Car by VIN	158		get_by_vin	1526392977122	1526392977135	OK	 
USER	Get Car by VIN	155	END	1526392976111	1526392977144
USER	Get Car by VIN	159	START	1526392977452	1526392977452
REQUEST	Get Car by VIN	159		get_by_vin	1526392977453	1526392977470	OK	 
USER	Get Car by VIN	156	END	1526392976451	1526392977473
USER	Get Car by VIN	160	START	1526392977781	1526392977781
REQUEST	Get Car by VIN	160		get_by_vin	1526392977781	1526392977788	OK	 
USER	Get Car by VIN	157	END	1526392976783	1526392977801
USER	Get Car by VIN	161	START	1526392978122	1526392978122
REQUEST	Get Car by VIN	161		get_by_vin	1526392978123	1526392978137	OK	 
USER	Get Car by VIN	158	END	1526392977122	1526392978153
USER	Get Car by VIN	162	START	1526392978455	1526392978455
REQUEST	Get Car by VIN	162		get_by_vin	1526392978456	1526392978474	OK	 
USER	Get Car by VIN	159	END	1526392977452	1526392978481
USER	Get Car by VIN	163	START	1526392978783	1526392978783
REQUEST	Get Car by VIN	163		get_by_vin	1526392978784	1526392978794	OK	 
USER	Get Car by VIN	160	END	1526392977781	1526392978805
USER	Get Car by VIN	164	START	1526392979115	1526392979115
REQUEST	Get Car by VIN	164		get_by_vin	1526392979116	1526392979122	OK	 
USER	Get Car by VIN	161	END	1526392978122	1526392979152
USER	Get Car by VIN	165	START	1526392979450	1526392979450
REQUEST	Get Car by VIN	165		get_by_vin	1526392979451	1526392979475	OK	 
USER	Get Car by VIN	162	END	1526392978455	1526392979483
USER	Get Car by VIN	166	START	1526392979774	1526392979774
REQUEST	Get Car by VIN	166		get_by_vin	1526392979775	1526392979790	OK	 
USER	Get Car by VIN	163	END	1526392978783	1526392979811
USER	Get Car by VIN	167	START	1526392980102	1526392980102
REQUEST	Get Car by VIN	167		get_by_vin	1526392980103	1526392980111	OK	 
USER	Get Car by VIN	164	END	1526392979115	1526392980144
USER	Get Car by VIN	168	START	1526392980436	1526392980436
REQUEST	Get Car by VIN	168		get_by_vin	1526392980436	1526392980451	OK	 
USER	Get Car by VIN	165	END	1526392979450	1526392980496
USER	Get Car by VIN	169	START	1526392980780	1526392980780
USER	Get Car by VIN	166	END	1526392979774	1526392980801
REQUEST	Get Car by VIN	169		get_by_vin	1526392980781	1526392980815	OK	 
USER	Get Car by VIN	170	START	1526392981116	1526392981116
USER	Get Car by VIN	167	END	1526392980102	1526392981121
REQUEST	Get Car by VIN	170		get_by_vin	1526392981116	1526392981153	OK	 
USER	Get Car by VIN	171	START	1526392981443	1526392981443
REQUEST	Get Car by VIN	171		get_by_vin	1526392981443	1526392981459	OK	 
USER	Get Car by VIN	168	END	1526392980436	1526392981475
USER	Get Car by VIN	172	START	1526392981781	1526392981781
REQUEST	Get Car by VIN	172		get_by_vin	1526392981782	1526392981796	OK	 
USER	Get Car by VIN	169	END	1526392980780	1526392981833
USER	Get Car by VIN	173	START	1526392982113	1526392982113
REQUEST	Get Car by VIN	173		get_by_vin	1526392982113	1526392982122	OK	 
USER	Get Car by VIN	170	END	1526392981116	1526392982175
USER	Get Car by VIN	174	START	1526392982451	1526392982451
REQUEST	Get Car by VIN	174		get_by_vin	1526392982451	1526392982462	OK	 
USER	Get Car by VIN	171	END	1526392981443	1526392982471
USER	Get Car by VIN	175	START	1526392982780	1526392982780
REQUEST	Get Car by VIN	175		get_by_vin	1526392982781	1526392982797	OK	 
USER	Get Car by VIN	172	END	1526392981781	1526392982813
USER	Get Car by VIN	176	START	1526392983124	1526392983124
REQUEST	Get Car by VIN	176		get_by_vin	1526392983125	1526392983133	OK	 
USER	Get Car by VIN	173	END	1526392982113	1526392983136
USER	Get Car by VIN	177	START	1526392983454	1526392983454
REQUEST	Get Car by VIN	177		get_by_vin	1526392983454	1526392983472	OK	 
USER	Get Car by VIN	174	END	1526392982451	1526392983485
USER	Get Car by VIN	178	START	1526392983783	1526392983783
REQUEST	Get Car by VIN	178		get_by_vin	1526392983784	1526392983801	OK	 
USER	Get Car by VIN	175	END	1526392982780	1526392983811
USER	Get Car by VIN	179	START	1526392984110	1526392984110
REQUEST	Get Car by VIN	179		get_by_vin	1526392984111	1526392984120	OK	 
USER	Get Car by VIN	176	END	1526392983124	1526392984141
USER	Get Car by VIN	180	START	1526392984451	1526392984451
REQUEST	Get Car by VIN	180		get_by_vin	1526392984451	1526392984464	OK	 
USER	Get Car by VIN	177	END	1526392983454	1526392984481
USER	Get Car by VIN	181	START	1526392984782	1526392984782
REQUEST	Get Car by VIN	181		get_by_vin	1526392984783	1526392984795	OK	 
USER	Get Car by VIN	178	END	1526392983783	1526392984815
USER	Get Car by VIN	182	START	1526392985121	1526392985121
REQUEST	Get Car by VIN	182		get_by_vin	1526392985122	1526392985128	OK	 
USER	Get Car by VIN	179	END	1526392984110	1526392985142
USER	Get Car by VIN	183	START	1526392985454	1526392985454
REQUEST	Get Car by VIN	183		get_by_vin	1526392985455	1526392985472	OK	 
USER	Get Car by VIN	180	END	1526392984451	1526392985486
USER	Get Car by VIN	184	START	1526392985785	1526392985785
REQUEST	Get Car by VIN	184		get_by_vin	1526392985786	1526392985804	OK	 
USER	Get Car by VIN	181	END	1526392984782	1526392985811
USER	Get Car by VIN	185	START	1526392986116	1526392986116
REQUEST	Get Car by VIN	185		get_by_vin	1526392986116	1526392986121	OK	 
USER	Get Car by VIN	182	END	1526392985121	1526392986141
USER	Get Car by VIN	186	START	1526392986451	1526392986451
REQUEST	Get Car by VIN	186		get_by_vin	1526392986451	1526392986456	OK	 
USER	Get Car by VIN	183	END	1526392985454	1526392986483
USER	Get Car by VIN	187	START	1526392986781	1526392986781
REQUEST	Get Car by VIN	187		get_by_vin	1526392986781	1526392986798	OK	 
USER	Get Car by VIN	184	END	1526392985785	1526392986813
USER	Get Car by VIN	188	START	1526392987123	1526392987123
REQUEST	Get Car by VIN	188		get_by_vin	1526392987124	1526392987130	OK	 
USER	Get Car by VIN	185	END	1526392986116	1526392987144
USER	Get Car by VIN	189	START	1526392987451	1526392987451
REQUEST	Get Car by VIN	189		get_by_vin	1526392987451	1526392987470	OK	 
USER	Get Car by VIN	186	END	1526392986451	1526392987472
USER	Get Car by VIN	190	START	1526392987784	1526392987784
REQUEST	Get Car by VIN	190		get_by_vin	1526392987784	1526392987794	OK	 
USER	Get Car by VIN	187	END	1526392986781	1526392987815
USER	Get Car by VIN	191	START	1526392988123	1526392988123
USER	Get Car by VIN	188	END	1526392987123	1526392988145
REQUEST	Get Car by VIN	191		get_by_vin	1526392988124	1526392988156	OK	 
USER	Get Car by VIN	192	START	1526392988452	1526392988452
REQUEST	Get Car by VIN	192		get_by_vin	1526392988453	1526392988468	OK	 
USER	Get Car by VIN	189	END	1526392987451	1526392988485
USER	Get Car by VIN	193	START	1526392988784	1526392988784
REQUEST	Get Car by VIN	193		get_by_vin	1526392988784	1526392988796	OK	 
USER	Get Car by VIN	190	END	1526392987784	1526392988816
USER	Get Car by VIN	194	START	1526392989110	1526392989110
REQUEST	Get Car by VIN	194		get_by_vin	1526392989111	1526392989128	OK	 
USER	Get Car by VIN	191	END	1526392988123	1526392989162
USER	Get Car by VIN	195	START	1526392989455	1526392989455
REQUEST	Get Car by VIN	195		get_by_vin	1526392989456	1526392989475	OK	 
USER	Get Car by VIN	192	END	1526392988452	1526392989482
USER	Get Car by VIN	196	START	1526392989785	1526392989785
REQUEST	Get Car by VIN	196		get_by_vin	1526392989785	1526392989805	OK	 
USER	Get Car by VIN	193	END	1526392988784	1526392989811
USER	Get Car by VIN	197	START	1526392990112	1526392990112
REQUEST	Get Car by VIN	197		get_by_vin	1526392990113	1526392990129	OK	 
USER	Get Car by VIN	194	END	1526392989110	1526392990145
USER	Get Car by VIN	198	START	1526392990456	1526392990456
REQUEST	Get Car by VIN	198		get_by_vin	1526392990457	1526392990467	OK	 
USER	Get Car by VIN	195	END	1526392989455	1526392990492
USER	Get Car by VIN	199	START	1526392990781	1526392990781
REQUEST	Get Car by VIN	199		get_by_vin	1526392990781	1526392990797	OK	 
USER	Get Car by VIN	196	END	1526392989785	1526392990813
USER	Get Car by VIN	200	START	1526392991114	1526392991114
REQUEST	Get Car by VIN	200		get_by_vin	1526392991115	1526392991132	OK	 
USER	Get Car by VIN	197	END	1526392990112	1526392991141
USER	Get Car by VIN	198	END	1526392990456	1526392991484
USER	Get Car by VIN	199	END	1526392990781	1526392991811
USER	Get Car by VIN	200	END	1526392991114	1526392992145
