RUN	gatlingdemo.GatlingSimulation		gatlingsimulation	1528107820363	 	2.0
USER	Car Search	1	START	1528107821229	1528107821229
USER	Car Search	2	START	1528107821263	1528107821263
USER	Car Search	3	START	1528107821264	1528107821264
USER	Car Search	4	START	1528107821265	1528107821265
USER	Car Search	5	START	1528107821265	1528107821265
USER	Car Search	6	START	1528107821266	1528107821266
USER	Car Search	7	START	1528107821267	1528107821267
USER	Car Search	8	START	1528107821268	1528107821268
USER	Car Search	9	START	1528107821268	1528107821268
USER	Car Search	10	START	1528107821271	1528107821271
USER	Car Search	11	START	1528107821276	1528107821276
REQUEST	Car Search	7		get_all	1528107821267	1528107821708	OK	 
REQUEST	Car Search	10		get_all	1528107821271	1528107821713	OK	 
REQUEST	Car Search	6		get_all	1528107821267	1528107821712	OK	 
REQUEST	Car Search	9		get_all	1528107821270	1528107821711	OK	 
REQUEST	Car Search	4		get_all	1528107821265	1528107821708	OK	 
REQUEST	Car Search	8		get_all	1528107821268	1528107821721	OK	 
REQUEST	Car Search	3		get_all	1528107821264	1528107821708	OK	 
REQUEST	Car Search	5		get_all	1528107821265	1528107821709	OK	 
REQUEST	Car Search	11		get_all	1528107821277	1528107821734	OK	 
REQUEST	Car Search	1		get_all	1528107821256	1528107821734	OK	 
REQUEST	Car Search	2		get_all	1528107821263	1528107821734	OK	 
USER	Car Search	12	START	1528107821793	1528107821793
REQUEST	Car Search	9		Get Car by VIN 123456	1528107821745	1528107821808	OK	 
REQUEST	Car Search	8		Get Car by VIN 654321	1528107821742	1528107821809	OK	 
REQUEST	Car Search	11		Get Car by VIN 456123	1528107821747	1528107821812	OK	 
REQUEST	Car Search	6		Get Car by VIN 123456	1528107821743	1528107821818	OK	 
REQUEST	Car Search	2		Get Car by VIN 654321	1528107821749	1528107821819	OK	 
REQUEST	Car Search	3		Get Car by VIN 456123	1528107821740	1528107821821	OK	 
REQUEST	Car Search	5		Get Car by VIN 123456	1528107821741	1528107821824	OK	 
REQUEST	Car Search	12		get_all	1528107821793	1528107821825	OK	 
REQUEST	Car Search	4		Get Car by VIN 456123	1528107821748	1528107821832	OK	 
REQUEST	Car Search	7		Get Car by VIN 123456	1528107821742	1528107821833	OK	 
REQUEST	Car Search	10		Get Car by VIN 654321	1528107821744	1528107821835	OK	 
REQUEST	Car Search	1		Get Car by VIN 456123	1528107821746	1528107821834	OK	 
REQUEST	Car Search	12		Get Car by VIN 141451	1528107821826	1528107821839	KO	status.find.in(200,304,201,202,203,204,205,206,207,208,209), but actually found 404
USER	Car Search	13	START	1528107822292	1528107822292
REQUEST	Car Search	13		get_all	1528107822292	1528107822306	OK	 
REQUEST	Car Search	13		Get Car by VIN 141451	1528107822307	1528107822313	KO	status.find.in(200,304,201,202,203,204,205,206,207,208,209), but actually found 404
USER	Car Search	14	START	1528107822788	1528107822788
REQUEST	Car Search	14		get_all	1528107822788	1528107822795	OK	 
REQUEST	Car Search	14		Get Car by VIN 123456	1528107822796	1528107822802	OK	 
REQUEST	Car Search	6		Get Car by VIN 141451	1528107822818	1528107822823	KO	status.find.in(200,304,201,202,203,204,205,206,207,208,209), but actually found 404
REQUEST	Car Search	9		Get Car by VIN 654321	1528107822819	1528107822826	OK	 
REQUEST	Car Search	8		Get Car by VIN 456123	1528107822830	1528107822847	OK	 
REQUEST	Car Search	3		Get Car by VIN 456123	1528107822831	1528107822863	OK	 
REQUEST	Car Search	12		Get Car by VIN 123456	1528107822853	1528107822863	OK	 
REQUEST	Car Search	4		Get Car by VIN 456123	1528107822832	1528107822871	OK	 
REQUEST	Car Search	5		Get Car by VIN 456123	1528107822832	1528107822873	OK	 
REQUEST	Car Search	1		Get Car by VIN 654321	1528107822854	1528107822873	OK	 
REQUEST	Car Search	2		Get Car by VIN 123456	1528107822830	1528107822877	OK	 
REQUEST	Car Search	7		Get Car by VIN 456123	1528107822833	1528107822879	OK	 
REQUEST	Car Search	10		Get Car by VIN 123456	1528107822843	1528107822881	OK	 
REQUEST	Car Search	11		Get Car by VIN 654321	1528107822829	1528107822882	OK	 
USER	Car Search	15	START	1528107823288	1528107823288
REQUEST	Car Search	15		get_all	1528107823288	1528107823299	OK	 
REQUEST	Car Search	15		Get Car by VIN 141451	1528107823301	1528107823306	KO	status.find.in(200,304,201,202,203,204,205,206,207,208,209), but actually found 404
REQUEST	Car Search	13		Get Car by VIN 456123	1528107823331	1528107823336	OK	 
REQUEST	Car Search	14		Get Car by VIN 123456	1528107823809	1528107823815	OK	 
REQUEST	Car Search	9		Get Car by VIN 141451	1528107823820	1528107823824	KO	status.find.in(200,304,201,202,203,204,205,206,207,208,209), but actually found 404
REQUEST	Car Search	6		Get Car by VIN 123456	1528107823830	1528107823835	OK	 
REQUEST	Car Search	8		Get Car by VIN 654321	1528107823840	1528107823845	OK	 
REQUEST	Car Search	3		Get Car by VIN 123456	1528107823840	1528107823846	OK	 
REQUEST	Car Search	12		Get Car by VIN 456123	1528107823861	1528107823866	OK	 
REQUEST	Car Search	5		Get Car by VIN 654321	1528107823872	1528107823879	OK	 
REQUEST	Car Search	11		Get Car by VIN 456123	1528107823894	1528107823904	OK	 
REQUEST	Car Search	1		Get Car by VIN 123456	1528107823885	1528107823906	OK	 
REQUEST	Car Search	2		Get Car by VIN 141451	1528107823883	1528107823908	KO	status.find.in(200,304,201,202,203,204,205,206,207,208,209), but actually found 404
REQUEST	Car Search	4		Get Car by VIN 654321	1528107823883	1528107823909	OK	 
REQUEST	Car Search	7		Get Car by VIN 456123	1528107823887	1528107823912	OK	 
REQUEST	Car Search	10		Get Car by VIN 456123	1528107823887	1528107823915	OK	 
USER	Car Search	16	START	1528107824248	1528107824248
REQUEST	Car Search	16		get_all	1528107824249	1528107824255	OK	 
REQUEST	Car Search	16		Get Car by VIN 654321	1528107824256	1528107824262	OK	 
REQUEST	Car Search	15		Get Car by VIN 654321	1528107824321	1528107824326	OK	 
REQUEST	Car Search	13		Get Car by VIN 654321	1528107824341	1528107824347	OK	 
USER	Car Search	17	START	1528107824748	1528107824748
REQUEST	Car Search	17		get_all	1528107824748	1528107824756	OK	 
REQUEST	Car Search	17		Get Car by VIN 654321	1528107824758	1528107824764	OK	 
REQUEST	Car Search	9		Get Car by VIN 456123	1528107824818	1528107824823	OK	 
REQUEST	Car Search	14		Get Car by VIN 654321	1528107824828	1528107824835	OK	 
REQUEST	Car Search	6		Get Car by VIN 141451	1528107824828	1528107824836	KO	status.find.in(200,304,201,202,203,204,205,206,207,208,209), but actually found 404
REQUEST	Car Search	8		Get Car by VIN 456123	1528107824838	1528107824843	OK	 
REQUEST	Car Search	3		Get Car by VIN 654321	1528107824861	1528107824873	OK	 
REQUEST	Car Search	5		Get Car by VIN 123456	1528107824874	1528107824886	OK	 
REQUEST	Car Search	12		Get Car by VIN 141451	1528107824875	1528107824890	KO	status.find.in(200,304,201,202,203,204,205,206,207,208,209), but actually found 404
REQUEST	Car Search	4		Get Car by VIN 123456	1528107824889	1528107824897	OK	 
REQUEST	Car Search	11		Get Car by VIN 141451	1528107824899	1528107824907	KO	status.find.in(200,304,201,202,203,204,205,206,207,208,209), but actually found 404
REQUEST	Car Search	1		Get Car by VIN 654321	1528107824899	1528107824908	OK	 
REQUEST	Car Search	10		Get Car by VIN 654321	1528107824913	1528107824924	OK	 
REQUEST	Car Search	2		Get Car by VIN 654321	1528107824911	1528107824926	OK	 
REQUEST	Car Search	7		Get Car by VIN 654321	1528107824911	1528107824934	OK	 
USER	Car Search	18	START	1528107825249	1528107825249
REQUEST	Car Search	18		get_all	1528107825250	1528107825265	OK	 
REQUEST	Car Search	18		Get Car by VIN 123456	1528107825265	1528107825270	OK	 
REQUEST	Car Search	16		Get Car by VIN 141451	1528107825281	1528107825284	KO	status.find.in(200,304,201,202,203,204,205,206,207,208,209), but actually found 404
REQUEST	Car Search	15		Get Car by VIN 141451	1528107825333	1528107825336	KO	status.find.in(200,304,201,202,203,204,205,206,207,208,209), but actually found 404
REQUEST	Car Search	13		Get Car by VIN 456123	1528107825344	1528107825349	OK	 
USER	Car Search	19	START	1528107825753	1528107825753
REQUEST	Car Search	19		get_all	1528107825753	1528107825761	OK	 
REQUEST	Car Search	19		Get Car by VIN 456123	1528107825762	1528107825767	OK	 
REQUEST	Car Search	17		Get Car by VIN 456123	1528107825780	1528107825786	OK	 
REQUEST	Car Search	9		Get Car by VIN 654321	1528107825820	1528107825825	OK	 
REQUEST	Car Search	14		Get Car by VIN 123456	1528107825831	1528107825836	OK	 
REQUEST	Car Search	6		Get Car by VIN 123456	1528107825843	1528107825848	OK	 
REQUEST	Car Search	8		Get Car by VIN 141451	1528107825853	1528107825857	KO	status.find.in(200,304,201,202,203,204,205,206,207,208,209), but actually found 404
REQUEST	Car Search	3		Get Car by VIN 123456	1528107825863	1528107825868	OK	 
REQUEST	Car Search	5		Get Car by VIN 654321	1528107825890	1528107825899	OK	 
REQUEST	Car Search	12		Get Car by VIN 456123	1528107825889	1528107825900	OK	 
REQUEST	Car Search	11		Get Car by VIN 123456	1528107825901	1528107825916	OK	 
REQUEST	Car Search	4		Get Car by VIN 141451	1528107825900	1528107825916	KO	status.find.in(200,304,201,202,203,204,205,206,207,208,209), but actually found 404
REQUEST	Car Search	1		Get Car by VIN 141451	1528107825901	1528107825920	KO	status.find.in(200,304,201,202,203,204,205,206,207,208,209), but actually found 404
REQUEST	Car Search	7		Get Car by VIN 456123	1528107825923	1528107825933	OK	 
REQUEST	Car Search	10		Get Car by VIN 141451	1528107825922	1528107825932	KO	status.find.in(200,304,201,202,203,204,205,206,207,208,209), but actually found 404
REQUEST	Car Search	2		Get Car by VIN 456123	1528107825933	1528107825939	OK	 
USER	Car Search	20	START	1528107826248	1528107826248
REQUEST	Car Search	20		get_all	1528107826248	1528107826255	OK	 
REQUEST	Car Search	20		Get Car by VIN 654321	1528107826256	1528107826260	OK	 
REQUEST	Car Search	16		Get Car by VIN 123456	1528107826279	1528107826283	OK	 
REQUEST	Car Search	18		Get Car by VIN 123456	1528107826290	1528107826294	OK	 
REQUEST	Car Search	15		Get Car by VIN 456123	1528107826332	1528107826337	OK	 
REQUEST	Car Search	13		Get Car by VIN 123456	1528107826348	1528107826352	OK	 
REQUEST	Car Search	17		Get Car by VIN 123456	1528107826789	1528107826804	OK	 
REQUEST	Car Search	19		Get Car by VIN 456123	1528107826784	1528107826806	OK	 
REQUEST	Car Search	9		Get Car by VIN 141451	1528107826832	1528107826836	KO	status.find.in(200,304,201,202,203,204,205,206,207,208,209), but actually found 404
REQUEST	Car Search	6		Get Car by VIN 141451	1528107826842	1528107826846	KO	status.find.in(200,304,201,202,203,204,205,206,207,208,209), but actually found 404
REQUEST	Car Search	14		Get Car by VIN 123456	1528107826842	1528107826848	OK	 
REQUEST	Car Search	8		Get Car by VIN 654321	1528107826852	1528107826856	OK	 
REQUEST	Car Search	3		Get Car by VIN 141451	1528107826884	1528107826889	KO	status.find.in(200,304,201,202,203,204,205,206,207,208,209), but actually found 404
REQUEST	Car Search	5		Get Car by VIN 456123	1528107826889	1528107826895	OK	 
REQUEST	Car Search	12		Get Car by VIN 123456	1528107826910	1528107826914	OK	 
REQUEST	Car Search	1		Get Car by VIN 456123	1528107826920	1528107826934	OK	 
REQUEST	Car Search	11		Get Car by VIN 456123	1528107826920	1528107826935	OK	 
REQUEST	Car Search	4		Get Car by VIN 654321	1528107826920	1528107826937	OK	 
REQUEST	Car Search	10		Get Car by VIN 654321	1528107826938	1528107826945	OK	 
REQUEST	Car Search	2		Get Car by VIN 456123	1528107826933	1528107826947	OK	 
REQUEST	Car Search	7		Get Car by VIN 456123	1528107826949	1528107826953	OK	 
USER	Car Search	21	START	1528107827238	1528107827238
REQUEST	Car Search	21		get_all	1528107827238	1528107827252	OK	 
REQUEST	Car Search	21		Get Car by VIN 654321	1528107827253	1528107827257	OK	 
REQUEST	Car Search	20		Get Car by VIN 654321	1528107827280	1528107827284	OK	 
REQUEST	Car Search	18		Get Car by VIN 141451	1528107827291	1528107827294	KO	status.find.in(200,304,201,202,203,204,205,206,207,208,209), but actually found 404
REQUEST	Car Search	16		Get Car by VIN 141451	1528107827291	1528107827298	KO	status.find.in(200,304,201,202,203,204,205,206,207,208,209), but actually found 404
REQUEST	Car Search	15		Get Car by VIN 123456	1528107827343	1528107827350	OK	 
REQUEST	Car Search	13		Get Car by VIN 141451	1528107827358	1528107827362	KO	status.find.in(200,304,201,202,203,204,205,206,207,208,209), but actually found 404
USER	Car Search	22	START	1528107827750	1528107827750
REQUEST	Car Search	22		get_all	1528107827750	1528107827759	OK	 
REQUEST	Car Search	22		Get Car by VIN 141451	1528107827759	1528107827764	KO	status.find.in(200,304,201,202,203,204,205,206,207,208,209), but actually found 404
REQUEST	Car Search	17		Get Car by VIN 456123	1528107827802	1528107827811	OK	 
REQUEST	Car Search	19		Get Car by VIN 654321	1528107827813	1528107827820	OK	 
REQUEST	Car Search	14		Get Car by VIN 141451	1528107827838	1528107827843	KO	status.find.in(200,304,201,202,203,204,205,206,207,208,209), but actually found 404
REQUEST	Car Search	9		Get Car by VIN 456123	1528107827838	1528107827845	OK	 
REQUEST	Car Search	6		Get Car by VIN 654321	1528107827849	1528107827853	OK	 
REQUEST	Car Search	8		Get Car by VIN 654321	1528107827859	1528107827864	OK	 
REQUEST	Car Search	3		Get Car by VIN 141451	1528107827891	1528107827896	KO	status.find.in(200,304,201,202,203,204,205,206,207,208,209), but actually found 404
REQUEST	Car Search	5		Get Car by VIN 654321	1528107827903	1528107827908	OK	 
REQUEST	Car Search	12		Get Car by VIN 141451	1528107827913	1528107827917	KO	status.find.in(200,304,201,202,203,204,205,206,207,208,209), but actually found 404
REQUEST	Car Search	1		Get Car by VIN 123456	1528107827929	1528107827946	OK	 
REQUEST	Car Search	4		Get Car by VIN 456123	1528107827929	1528107827946	OK	 
REQUEST	Car Search	11		Get Car by VIN 456123	1528107827928	1528107827948	OK	 
REQUEST	Car Search	10		Get Car by VIN 654321	1528107827938	1528107827948	OK	 
REQUEST	Car Search	7		Get Car by VIN 141451	1528107827951	1528107827968	KO	status.find.in(200,304,201,202,203,204,205,206,207,208,209), but actually found 404
REQUEST	Car Search	2		Get Car by VIN 141451	1528107827949	1528107827968	KO	status.find.in(200,304,201,202,203,204,205,206,207,208,209), but actually found 404
USER	Car Search	23	START	1528107828248	1528107828248
REQUEST	Car Search	23		get_all	1528107828248	1528107828257	OK	 
REQUEST	Car Search	23		Get Car by VIN 456123	1528107828259	1528107828263	OK	 
REQUEST	Car Search	21		Get Car by VIN 141451	1528107828271	1528107828279	KO	status.find.in(200,304,201,202,203,204,205,206,207,208,209), but actually found 404
REQUEST	Car Search	20		Get Car by VIN 654321	1528107828288	1528107828297	OK	 
REQUEST	Car Search	16		Get Car by VIN 654321	1528107828289	1528107828298	OK	 
REQUEST	Car Search	18		Get Car by VIN 654321	1528107828298	1528107828304	OK	 
REQUEST	Car Search	15		Get Car by VIN 141451	1528107828340	1528107828343	KO	status.find.in(200,304,201,202,203,204,205,206,207,208,209), but actually found 404
REQUEST	Car Search	13		Get Car by VIN 141451	1528107828363	1528107828375	KO	status.find.in(200,304,201,202,203,204,205,206,207,208,209), but actually found 404
USER	Car Search	24	START	1528107828752	1528107828752
REQUEST	Car Search	24		get_all	1528107828752	1528107828758	OK	 
REQUEST	Car Search	24		Get Car by VIN 123456	1528107828759	1528107828763	OK	 
REQUEST	Car Search	22		Get Car by VIN 456123	1528107828778	1528107828783	OK	 
REQUEST	Car Search	19		Get Car by VIN 141451	1528107828810	1528107828813	KO	status.find.in(200,304,201,202,203,204,205,206,207,208,209), but actually found 404
REQUEST	Car Search	17		Get Car by VIN 654321	1528107828810	1528107828815	OK	 
REQUEST	Car Search	9		Get Car by VIN 456123	1528107828842	1528107828847	OK	 
REQUEST	Car Search	14		Get Car by VIN 141451	1528107828853	1528107828857	KO	status.find.in(200,304,201,202,203,204,205,206,207,208,209), but actually found 404
REQUEST	Car Search	6		Get Car by VIN 123456	1528107828863	1528107828873	OK	 
REQUEST	Car Search	8		Get Car by VIN 141451	1528107828864	1528107828873	KO	status.find.in(200,304,201,202,203,204,205,206,207,208,209), but actually found 404
REQUEST	Car Search	3		Get Car by VIN 141451	1528107828890	1528107828894	KO	status.find.in(200,304,201,202,203,204,205,206,207,208,209), but actually found 404
REQUEST	Car Search	12		Get Car by VIN 123456	1528107828912	1528107828919	OK	 
REQUEST	Car Search	5		Get Car by VIN 654321	1528107828912	1528107828921	OK	 
REQUEST	Car Search	10		Get Car by VIN 123456	1528107828953	1528107828959	OK	 
REQUEST	Car Search	11		Get Car by VIN 123456	1528107828953	1528107828959	OK	 
REQUEST	Car Search	1		Get Car by VIN 456123	1528107828965	1528107828981	OK	 
REQUEST	Car Search	2		Get Car by VIN 141451	1528107828968	1528107828981	KO	status.find.in(200,304,201,202,203,204,205,206,207,208,209), but actually found 404
REQUEST	Car Search	4		Get Car by VIN 141451	1528107828964	1528107828981	KO	status.find.in(200,304,201,202,203,204,205,206,207,208,209), but actually found 404
REQUEST	Car Search	7		Get Car by VIN 141451	1528107828964	1528107828981	KO	status.find.in(200,304,201,202,203,204,205,206,207,208,209), but actually found 404
USER	Car Search	25	START	1528107829252	1528107829252
REQUEST	Car Search	25		get_all	1528107829252	1528107829259	OK	 
REQUEST	Car Search	25		Get Car by VIN 654321	1528107829260	1528107829264	OK	 
REQUEST	Car Search	21		Get Car by VIN 141451	1528107829278	1528107829283	KO	status.find.in(200,304,201,202,203,204,205,206,207,208,209), but actually found 404
REQUEST	Car Search	23		Get Car by VIN 654321	1528107829279	1528107829285	OK	 
REQUEST	Car Search	20		Get Car by VIN 123456	1528107829288	1528107829294	OK	 
REQUEST	Car Search	18		Get Car by VIN 123456	1528107829288	1528107829294	OK	 
REQUEST	Car Search	16		Get Car by VIN 654321	1528107829298	1528107829303	OK	 
REQUEST	Car Search	15		Get Car by VIN 141451	1528107829351	1528107829354	KO	status.find.in(200,304,201,202,203,204,205,206,207,208,209), but actually found 404
REQUEST	Car Search	13		Get Car by VIN 654321	1528107829371	1528107829375	OK	 
REQUEST	Car Search	24		Get Car by VIN 654321	1528107829769	1528107829776	OK	 
REQUEST	Car Search	22		Get Car by VIN 123456	1528107829789	1528107829794	OK	 
REQUEST	Car Search	19		Get Car by VIN 456123	1528107829821	1528107829826	OK	 
REQUEST	Car Search	17		Get Car by VIN 456123	1528107829821	1528107829828	OK	 
REQUEST	Car Search	14		Get Car by VIN 123456	1528107829853	1528107829857	OK	 
REQUEST	Car Search	9		Get Car by VIN 654321	1528107829853	1528107829858	OK	 
REQUEST	Car Search	6		Get Car by VIN 141451	1528107829868	1528107829872	KO	status.find.in(200,304,201,202,203,204,205,206,207,208,209), but actually found 404
REQUEST	Car Search	8		Get Car by VIN 456123	1528107829868	1528107829874	OK	 
REQUEST	Car Search	3		Get Car by VIN 456123	1528107829890	1528107829894	OK	 
REQUEST	Car Search	5		Get Car by VIN 141451	1528107829911	1528107829916	KO	status.find.in(200,304,201,202,203,204,205,206,207,208,209), but actually found 404
REQUEST	Car Search	12		Get Car by VIN 456123	1528107829911	1528107829917	OK	 
REQUEST	Car Search	10		Get Car by VIN 456123	1528107829951	1528107829955	OK	 
REQUEST	Car Search	11		Get Car by VIN 141451	1528107829961	1528107829970	KO	status.find.in(200,304,201,202,203,204,205,206,207,208,209), but actually found 404
REQUEST	Car Search	4		Get Car by VIN 654321	1528107829981	1528107829986	OK	 
REQUEST	Car Search	1		Get Car by VIN 456123	1528107829981	1528107829986	OK	 
REQUEST	Car Search	7		Get Car by VIN 456123	1528107829992	1528107829996	OK	 
REQUEST	Car Search	2		Get Car by VIN 123456	1528107829991	1528107829996	OK	 
USER	Car Search	26	START	1528107830251	1528107830251
REQUEST	Car Search	26		get_all	1528107830251	1528107830260	OK	 
REQUEST	Car Search	26		Get Car by VIN 456123	1528107830261	1528107830268	OK	 
REQUEST	Car Search	21		Get Car by VIN 654321	1528107830284	1528107830289	OK	 
REQUEST	Car Search	23		Get Car by VIN 141451	1528107830285	1528107830295	KO	status.find.in(200,304,201,202,203,204,205,206,207,208,209), but actually found 404
REQUEST	Car Search	25		Get Car by VIN 456123	1528107830284	1528107830296	OK	 
REQUEST	Car Search	20		Get Car by VIN 654321	1528107830288	1528107830297	OK	 
REQUEST	Car Search	18		Get Car by VIN 654321	1528107830298	1528107830302	OK	 
REQUEST	Car Search	16		Get Car by VIN 456123	1528107830308	1528107830312	OK	 
REQUEST	Car Search	15		Get Car by VIN 654321	1528107830350	1528107830353	OK	 
REQUEST	Car Search	13		Get Car by VIN 456123	1528107830381	1528107830386	OK	 
USER	Car Search	27	START	1528107830748	1528107830748
REQUEST	Car Search	27		get_all	1528107830748	1528107830757	OK	 
REQUEST	Car Search	27		Get Car by VIN 123456	1528107830758	1528107830763	OK	 
REQUEST	Car Search	22		Get Car by VIN 141451	1528107830791	1528107830795	KO	status.find.in(200,304,201,202,203,204,205,206,207,208,209), but actually found 404
REQUEST	Car Search	24		Get Car by VIN 654321	1528107830790	1528107830796	OK	 
REQUEST	Car Search	19		Get Car by VIN 456123	1528107830821	1528107830827	OK	 
REQUEST	Car Search	17		Get Car by VIN 654321	1528107830822	1528107830828	OK	 
REQUEST	Car Search	9		Get Car by VIN 654321	1528107830853	1528107830857	OK	 
REQUEST	Car Search	14		Get Car by VIN 123456	1528107830864	1528107830870	OK	 
REQUEST	Car Search	6		Get Car by VIN 141451	1528107830868	1528107830874	KO	status.find.in(200,304,201,202,203,204,205,206,207,208,209), but actually found 404
REQUEST	Car Search	8		Get Car by VIN 123456	1528107830878	1528107830885	OK	 
REQUEST	Car Search	3		Get Car by VIN 123456	1528107830900	1528107830903	OK	 
REQUEST	Car Search	5		Get Car by VIN 141451	1528107830921	1528107830926	KO	status.find.in(200,304,201,202,203,204,205,206,207,208,209), but actually found 404
REQUEST	Car Search	12		Get Car by VIN 123456	1528107830921	1528107830927	OK	 
REQUEST	Car Search	10		Get Car by VIN 654321	1528107830963	1528107830967	OK	 
REQUEST	Car Search	11		Get Car by VIN 141451	1528107830973	1528107830977	KO	status.find.in(200,304,201,202,203,204,205,206,207,208,209), but actually found 404
REQUEST	Car Search	1		Get Car by VIN 123456	1528107830984	1528107830990	OK	 
REQUEST	Car Search	4		Get Car by VIN 654321	1528107830984	1528107830991	OK	 
REQUEST	Car Search	7		Get Car by VIN 654321	1528107830992	1528107831003	OK	 
REQUEST	Car Search	2		Get Car by VIN 654321	1528107830994	1528107831004	OK	 
USER	Car Search	28	START	1528107831249	1528107831249
REQUEST	Car Search	28		get_all	1528107831250	1528107831256	OK	 
REQUEST	Car Search	28		Get Car by VIN 123456	1528107831257	1528107831261	OK	 
REQUEST	Car Search	25		Get Car by VIN 654321	1528107831281	1528107831286	OK	 
REQUEST	Car Search	26		Get Car by VIN 123456	1528107831281	1528107831286	OK	 
REQUEST	Car Search	21		Get Car by VIN 456123	1528107831291	1528107831296	OK	 
REQUEST	Car Search	23		Get Car by VIN 141451	1528107831291	1528107831296	KO	status.find.in(200,304,201,202,203,204,205,206,207,208,209), but actually found 404
REQUEST	Car Search	20		Get Car by VIN 123456	1528107831313	1528107831321	OK	 
REQUEST	Car Search	16		Get Car by VIN 654321	1528107831313	1528107831321	OK	 
REQUEST	Car Search	18		Get Car by VIN 456123	1528107831312	1528107831322	OK	 
REQUEST	Car Search	15		Get Car by VIN 123456	1528107831359	1528107831363	OK	 
REQUEST	Car Search	13		Get Car by VIN 456123	1528107831381	1528107831385	OK	 
USER	Car Search	29	START	1528107831749	1528107831749
REQUEST	Car Search	29		get_all	1528107831749	1528107831766	OK	 
REQUEST	Car Search	29		Get Car by VIN 123456	1528107831766	1528107831774	OK	 
REQUEST	Car Search	27		Get Car by VIN 654321	1528107831781	1528107831785	OK	 
REQUEST	Car Search	24		Get Car by VIN 141451	1528107831792	1528107831796	KO	status.find.in(200,304,201,202,203,204,205,206,207,208,209), but actually found 404
REQUEST	Car Search	22		Get Car by VIN 123456	1528107831803	1528107831808	OK	 
REQUEST	Car Search	19		Get Car by VIN 654321	1528107831829	1528107831834	OK	 
REQUEST	Car Search	17		Get Car by VIN 141451	1528107831828	1528107831835	KO	status.find.in(200,304,201,202,203,204,205,206,207,208,209), but actually found 404
REQUEST	Car Search	9		Get Car by VIN 141451	1528107831860	1528107831863	KO	status.find.in(200,304,201,202,203,204,205,206,207,208,209), but actually found 404
REQUEST	Car Search	14		Get Car by VIN 141451	1528107831860	1528107831865	KO	status.find.in(200,304,201,202,203,204,205,206,207,208,209), but actually found 404
REQUEST	Car Search	6		Get Car by VIN 456123	1528107831870	1528107831874	OK	 
REQUEST	Car Search	8		Get Car by VIN 654321	1528107831881	1528107831885	OK	 
REQUEST	Car Search	3		Get Car by VIN 654321	1528107831901	1528107831905	OK	 
REQUEST	Car Search	5		Get Car by VIN 141451	1528107831933	1528107831936	KO	status.find.in(200,304,201,202,203,204,205,206,207,208,209), but actually found 404
REQUEST	Car Search	12		Get Car by VIN 123456	1528107831932	1528107831938	OK	 
REQUEST	Car Search	10		Get Car by VIN 141451	1528107831963	1528107831967	KO	status.find.in(200,304,201,202,203,204,205,206,207,208,209), but actually found 404
REQUEST	Car Search	11		Get Car by VIN 123456	1528107831968	1528107831972	OK	 
REQUEST	Car Search	1		Get Car by VIN 456123	1528107831978	1528107831983	OK	 
REQUEST	Car Search	4		Get Car by VIN 123456	1528107831979	1528107831988	OK	 
REQUEST	Car Search	2		Get Car by VIN 123456	1528107831989	1528107831994	OK	 
REQUEST	Car Search	7		Get Car by VIN 141451	1528107831990	1528107831993	KO	status.find.in(200,304,201,202,203,204,205,206,207,208,209), but actually found 404
USER	Car Search	30	START	1528107832248	1528107832248
REQUEST	Car Search	28		Get Car by VIN 456123	1528107832279	1528107832296	OK	 
REQUEST	Car Search	26		Get Car by VIN 141451	1528107832290	1528107832300	KO	status.find.in(200,304,201,202,203,204,205,206,207,208,209), but actually found 404
REQUEST	Car Search	21		Get Car by VIN 456123	1528107832301	1528107832309	OK	 
REQUEST	Car Search	23		Get Car by VIN 654321	1528107832302	1528107832310	OK	 
REQUEST	Car Search	25		Get Car by VIN 123456	1528107832301	1528107832317	OK	 
REQUEST	Car Search	30		get_all	1528107832248	1528107832332	OK	 
REQUEST	Car Search	18		Get Car by VIN 654321	1528107832319	1528107832332	OK	 
REQUEST	Car Search	20		Get Car by VIN 123456	1528107832313	1528107832332	OK	 
REQUEST	Car Search	16		Get Car by VIN 456123	1528107832318	1528107832332	OK	 
REQUEST	Car Search	30		Get Car by VIN 123456	1528107832332	1528107832337	OK	 
REQUEST	Car Search	15		Get Car by VIN 123456	1528107832359	1528107832363	OK	 
REQUEST	Car Search	13		Get Car by VIN 456123	1528107832380	1528107832384	OK	 
REQUEST	Car Search	27		Get Car by VIN 141451	1528107832790	1528107832797	KO	status.find.in(200,304,201,202,203,204,205,206,207,208,209), but actually found 404
REQUEST	Car Search	29		Get Car by VIN 123456	1528107832791	1528107832798	OK	 
REQUEST	Car Search	24		Get Car by VIN 456123	1528107832801	1528107832805	OK	 
REQUEST	Car Search	22		Get Car by VIN 123456	1528107832812	1528107832816	OK	 
REQUEST	Car Search	19		Get Car by VIN 654321	1528107832844	1528107832848	OK	 
REQUEST	Car Search	17		Get Car by VIN 456123	1528107832843	1528107832850	OK	 
REQUEST	Car Search	9		Get Car by VIN 456123	1528107832859	1528107832863	OK	 
REQUEST	Car Search	14		Get Car by VIN 141451	1528107832869	1528107832875	KO	status.find.in(200,304,201,202,203,204,205,206,207,208,209), but actually found 404
REQUEST	Car Search	6		Get Car by VIN 123456	1528107832880	1528107832886	OK	 
REQUEST	Car Search	8		Get Car by VIN 141451	1528107832891	1528107832895	KO	status.find.in(200,304,201,202,203,204,205,206,207,208,209), but actually found 404
REQUEST	Car Search	3		Get Car by VIN 123456	1528107832911	1528107832916	OK	 
REQUEST	Car Search	12		Get Car by VIN 141451	1528107832932	1528107832936	KO	status.find.in(200,304,201,202,203,204,205,206,207,208,209), but actually found 404
REQUEST	Car Search	5		Get Car by VIN 141451	1528107832932	1528107832937	KO	status.find.in(200,304,201,202,203,204,205,206,207,208,209), but actually found 404
REQUEST	Car Search	10		Get Car by VIN 654321	1528107832962	1528107832966	OK	 
REQUEST	Car Search	11		Get Car by VIN 456123	1528107832978	1528107832983	OK	 
REQUEST	Car Search	1		Get Car by VIN 654321	1528107832988	1528107832993	OK	 
REQUEST	Car Search	7		Get Car by VIN 123456	1528107832998	1528107833007	OK	 
REQUEST	Car Search	4		Get Car by VIN 456123	1528107832999	1528107833007	OK	 
REQUEST	Car Search	2		Get Car by VIN 456123	1528107833009	1528107833015	OK	 
USER	Car Search	31	START	1528107833241	1528107833241
REQUEST	Car Search	31		get_all	1528107833241	1528107833249	OK	 
REQUEST	Car Search	31		Get Car by VIN 654321	1528107833250	1528107833256	OK	 
REQUEST	Car Search	28		Get Car by VIN 123456	1528107833298	1528107833305	OK	 
REQUEST	Car Search	21		Get Car by VIN 123456	1528107833299	1528107833306	OK	 
REQUEST	Car Search	26		Get Car by VIN 123456	1528107833299	1528107833307	OK	 
REQUEST	Car Search	25		Get Car by VIN 141451	1528107833309	1528107833315	KO	status.find.in(200,304,201,202,203,204,205,206,207,208,209), but actually found 404
REQUEST	Car Search	23		Get Car by VIN 456123	1528107833309	1528107833316	OK	 
REQUEST	Car Search	20		Get Car by VIN 123456	1528107833341	1528107833345	OK	 
REQUEST	Car Search	16		Get Car by VIN 456123	1528107833340	1528107833345	OK	 
REQUEST	Car Search	18		Get Car by VIN 141451	1528107833340	1528107833345	KO	status.find.in(200,304,201,202,203,204,205,206,207,208,209), but actually found 404
REQUEST	Car Search	30		Get Car by VIN 456123	1528107833351	1528107833355	OK	 
REQUEST	Car Search	15		Get Car by VIN 141451	1528107833371	1528107833374	KO	status.find.in(200,304,201,202,203,204,205,206,207,208,209), but actually found 404
REQUEST	Car Search	13		Get Car by VIN 141451	1528107833392	1528107833396	KO	status.find.in(200,304,201,202,203,204,205,206,207,208,209), but actually found 404
USER	Car Search	32	START	1528107833748	1528107833748
REQUEST	Car Search	32		get_all	1528107833748	1528107833760	OK	 
REQUEST	Car Search	32		Get Car by VIN 123456	1528107833761	1528107833766	OK	 
REQUEST	Car Search	27		Get Car by VIN 654321	1528107833790	1528107833794	OK	 
REQUEST	Car Search	29		Get Car by VIN 654321	1528107833801	1528107833804	OK	 
REQUEST	Car Search	24		Get Car by VIN 123456	1528107833800	1528107833806	OK	 
REQUEST	Car Search	22		Get Car by VIN 654321	1528107833811	1528107833815	OK	 
REQUEST	Car Search	19		Get Car by VIN 654321	1528107833843	1528107833848	OK	 
REQUEST	Car Search	17		Get Car by VIN 123456	1528107833848	1528107833851	OK	 
REQUEST	Car Search	9		Get Car by VIN 141451	1528107833868	1528107833871	KO	status.find.in(200,304,201,202,203,204,205,206,207,208,209), but actually found 404
REQUEST	Car Search	14		Get Car by VIN 141451	1528107833879	1528107833889	KO	status.find.in(200,304,201,202,203,204,205,206,207,208,209), but actually found 404
REQUEST	Car Search	6		Get Car by VIN 456123	1528107833878	1528107833889	OK	 
REQUEST	Car Search	8		Get Car by VIN 654321	1528107833890	1528107833903	OK	 
REQUEST	Car Search	3		Get Car by VIN 654321	1528107833908	1528107833915	OK	 
REQUEST	Car Search	5		Get Car by VIN 141451	1528107833939	1528107833942	KO	status.find.in(200,304,201,202,203,204,205,206,207,208,209), but actually found 404
REQUEST	Car Search	12		Get Car by VIN 654321	1528107833939	1528107833945	OK	 
REQUEST	Car Search	10		Get Car by VIN 456123	1528107833970	1528107833974	OK	 
REQUEST	Car Search	11		Get Car by VIN 123456	1528107833970	1528107833975	OK	 
REQUEST	Car Search	1		Get Car by VIN 123456	1528107834001	1528107834004	OK	 
REQUEST	Car Search	4		Get Car by VIN 141451	1528107834001	1528107834004	KO	status.find.in(200,304,201,202,203,204,205,206,207,208,209), but actually found 404
REQUEST	Car Search	7		Get Car by VIN 654321	1528107834012	1528107834022	OK	 
REQUEST	Car Search	2		Get Car by VIN 123456	1528107834012	1528107834022	OK	 
USER	Car Search	33	START	1528107834250	1528107834250
REQUEST	Car Search	33		get_all	1528107834250	1528107834255	OK	 
REQUEST	Car Search	33		Get Car by VIN 654321	1528107834256	1528107834259	OK	 
REQUEST	Car Search	31		Get Car by VIN 456123	1528107834271	1528107834275	OK	 
REQUEST	Car Search	28		Get Car by VIN 654321	1528107834303	1528107834307	OK	 
REQUEST	Car Search	26		Get Car by VIN 456123	1528107834309	1528107834315	OK	 
REQUEST	Car Search	21		Get Car by VIN 123456	1528107834308	1528107834315	OK	 
REQUEST	Car Search	25		Get Car by VIN 141451	1528107834319	1528107834323	KO	status.find.in(200,304,201,202,203,204,205,206,207,208,209), but actually found 404
REQUEST	Car Search	23		Get Car by VIN 123456	1528107834319	1528107834325	OK	 
REQUEST	Car Search	20		Get Car by VIN 654321	1528107834339	1528107834345	OK	 
REQUEST	Car Search	18		Get Car by VIN 123456	1528107834340	1528107834346	OK	 
REQUEST	Car Search	16		Get Car by VIN 123456	1528107834340	1528107834347	OK	 
REQUEST	Car Search	30		Get Car by VIN 123456	1528107834360	1528107834365	OK	 
REQUEST	Car Search	15		Get Car by VIN 456123	1528107834370	1528107834374	OK	 
REQUEST	Car Search	13		Get Car by VIN 123456	1528107834391	1528107834395	OK	 
USER	Car Search	34	START	1528107834748	1528107834748
REQUEST	Car Search	34		get_all	1528107834748	1528107834762	OK	 
REQUEST	Car Search	34		Get Car by VIN 654321	1528107834764	1528107834771	OK	 
REQUEST	Car Search	32		Get Car by VIN 456123	1528107834780	1528107834783	OK	 
REQUEST	Car Search	27		Get Car by VIN 141451	1528107834801	1528107834803	KO	status.find.in(200,304,201,202,203,204,205,206,207,208,209), but actually found 404
REQUEST	Car Search	22		Get Car by VIN 123456	1528107834811	1528107834821	OK	 
REQUEST	Car Search	29		Get Car by VIN 456123	1528107834812	1528107834821	OK	 
REQUEST	Car Search	24		Get Car by VIN 123456	1528107834812	1528107834821	OK	 
REQUEST	Car Search	19		Get Car by VIN 123456	1528107834838	1528107834842	OK	 
REQUEST	Car Search	17		Get Car by VIN 141451	1528107834849	1528107834852	KO	status.find.in(200,304,201,202,203,204,205,206,207,208,209), but actually found 404
REQUEST	Car Search	9		Get Car by VIN 456123	1528107834870	1528107834875	OK	 
REQUEST	Car Search	14		Get Car by VIN 456123	1528107834881	1528107834885	OK	 
REQUEST	Car Search	6		Get Car by VIN 456123	1528107834902	1528107834906	OK	 
REQUEST	Car Search	8		Get Car by VIN 456123	1528107834903	1528107834906	OK	 
REQUEST	Car Search	3		Get Car by VIN 141451	1528107834913	1528107834917	KO	status.find.in(200,304,201,202,203,204,205,206,207,208,209), but actually found 404
REQUEST	Car Search	12		Get Car by VIN 456123	1528107834949	1528107834954	OK	 
REQUEST	Car Search	5		Get Car by VIN 456123	1528107834949	1528107834955	OK	 
REQUEST	Car Search	10		Get Car by VIN 456123	1528107834981	1528107834985	OK	 
REQUEST	Car Search	11		Get Car by VIN 456123	1528107834992	1528107834997	OK	 
REQUEST	Car Search	1		Get Car by VIN 123456	1528107835002	1528107835006	OK	 
REQUEST	Car Search	4		Get Car by VIN 654321	1528107835013	1528107835017	OK	 
REQUEST	Car Search	7		Get Car by VIN 123456	1528107835018	1528107835036	OK	 
REQUEST	Car Search	2		Get Car by VIN 654321	1528107835018	1528107835037	OK	 
USER	Car Search	35	START	1528107835251	1528107835251
REQUEST	Car Search	35		get_all	1528107835251	1528107835257	OK	 
REQUEST	Car Search	35		Get Car by VIN 141451	1528107835257	1528107835261	KO	status.find.in(200,304,201,202,203,204,205,206,207,208,209), but actually found 404
REQUEST	Car Search	33		Get Car by VIN 123456	1528107835273	1528107835276	OK	 
REQUEST	Car Search	31		Get Car by VIN 654321	1528107835283	1528107835287	OK	 
REQUEST	Car Search	28		Get Car by VIN 141451	1528107835309	1528107835312	KO	status.find.in(200,304,201,202,203,204,205,206,207,208,209), but actually found 404
REQUEST	Car Search	21		Get Car by VIN 123456	1528107835319	1528107835327	OK	 
REQUEST	Car Search	26		Get Car by VIN 141451	1528107835319	1528107835327	KO	status.find.in(200,304,201,202,203,204,205,206,207,208,209), but actually found 404
REQUEST	Car Search	23		Get Car by VIN 456123	1528107835329	1528107835334	OK	 
REQUEST	Car Search	25		Get Car by VIN 141451	1528107835330	1528107835337	KO	status.find.in(200,304,201,202,203,204,205,206,207,208,209), but actually found 404
REQUEST	Car Search	18		Get Car by VIN 141451	1528107835351	1528107835355	KO	status.find.in(200,304,201,202,203,204,205,206,207,208,209), but actually found 404
REQUEST	Car Search	16		Get Car by VIN 141451	1528107835351	1528107835355	KO	status.find.in(200,304,201,202,203,204,205,206,207,208,209), but actually found 404
REQUEST	Car Search	20		Get Car by VIN 123456	1528107835351	1528107835357	OK	 
REQUEST	Car Search	15		Get Car by VIN 123456	1528107835372	1528107835375	OK	 
REQUEST	Car Search	30		Get Car by VIN 456123	1528107835371	1528107835377	OK	 
REQUEST	Car Search	13		Get Car by VIN 141451	1528107835403	1528107835419	KO	status.find.in(200,304,201,202,203,204,205,206,207,208,209), but actually found 404
REQUEST	Car Search	32		Get Car by VIN 456123	1528107835789	1528107835801	OK	 
REQUEST	Car Search	34		Get Car by VIN 654321	1528107835790	1528107835806	OK	 
REQUEST	Car Search	29		Get Car by VIN 123456	1528107835811	1528107835816	OK	 
REQUEST	Car Search	27		Get Car by VIN 123456	1528107835800	1528107835818	OK	 
REQUEST	Car Search	24		Get Car by VIN 456123	1528107835811	1528107835820	OK	 
REQUEST	Car Search	22		Get Car by VIN 123456	1528107835821	1528107835826	OK	 
REQUEST	Car Search	19		Get Car by VIN 456123	1528107835852	1528107835856	OK	 
REQUEST	Car Search	17		Get Car by VIN 654321	1528107835862	1528107835866	OK	 
REQUEST	Car Search	9		Get Car by VIN 456123	1528107835883	1528107835886	OK	 
REQUEST	Car Search	14		Get Car by VIN 456123	1528107835894	1528107835898	OK	 
REQUEST	Car Search	6		Get Car by VIN 141451	1528107835898	1528107835911	KO	status.find.in(200,304,201,202,203,204,205,206,207,208,209), but actually found 404
REQUEST	Car Search	8		Get Car by VIN 141451	1528107835908	1528107835913	KO	status.find.in(200,304,201,202,203,204,205,206,207,208,209), but actually found 404
REQUEST	Car Search	3		Get Car by VIN 141451	1528107835909	1528107835915	KO	status.find.in(200,304,201,202,203,204,205,206,207,208,209), but actually found 404
REQUEST	Car Search	5		Get Car by VIN 456123	1528107835950	1528107835954	OK	 
REQUEST	Car Search	12		Get Car by VIN 456123	1528107835960	1528107835964	OK	 
REQUEST	Car Search	10		Get Car by VIN 654321	1528107835981	1528107835985	OK	 
REQUEST	Car Search	11		Get Car by VIN 654321	1528107835991	1528107835996	OK	 
REQUEST	Car Search	1		Get Car by VIN 456123	1528107836002	1528107836010	OK	 
REQUEST	Car Search	4		Get Car by VIN 123456	1528107836002	1528107836010	OK	 
REQUEST	Car Search	2		Get Car by VIN 141451	1528107836038	1528107836042	KO	status.find.in(200,304,201,202,203,204,205,206,207,208,209), but actually found 404
REQUEST	Car Search	7		Get Car by VIN 456123	1528107836038	1528107836045	OK	 
USER	Car Search	36	START	1528107836248	1528107836248
REQUEST	Car Search	36		get_all	1528107836248	1528107836254	OK	 
REQUEST	Car Search	36		Get Car by VIN 141451	1528107836255	1528107836258	KO	status.find.in(200,304,201,202,203,204,205,206,207,208,209), but actually found 404
REQUEST	Car Search	35		Get Car by VIN 654321	1528107836268	1528107836273	OK	 
REQUEST	Car Search	31		Get Car by VIN 456123	1528107836269	1528107836274	OK	 
REQUEST	Car Search	33		Get Car by VIN 456123	1528107836279	1528107836283	OK	 
REQUEST	Car Search	28		Get Car by VIN 654321	1528107836321	1528107836324	OK	 
REQUEST	Car Search	25		Get Car by VIN 123456	1528107836332	1528107836349	OK	 
REQUEST	Car Search	26		Get Car by VIN 123456	1528107836331	1528107836349	OK	 
REQUEST	Car Search	23		Get Car by VIN 456123	1528107836332	1528107836349	OK	 
REQUEST	Car Search	21		Get Car by VIN 456123	1528107836331	1528107836350	OK	 
REQUEST	Car Search	18		Get Car by VIN 456123	1528107836352	1528107836355	OK	 
REQUEST	Car Search	20		Get Car by VIN 123456	1528107836352	1528107836356	OK	 
REQUEST	Car Search	16		Get Car by VIN 456123	1528107836363	1528107836367	OK	 
REQUEST	Car Search	30		Get Car by VIN 141451	1528107836374	1528107836377	KO	status.find.in(200,304,201,202,203,204,205,206,207,208,209), but actually found 404
REQUEST	Car Search	15		Get Car by VIN 654321	1528107836378	1528107836392	OK	 
REQUEST	Car Search	13		Get Car by VIN 123456	1528107836420	1528107836423	OK	 
USER	Car Search	37	START	1528107836752	1528107836752
REQUEST	Car Search	37		get_all	1528107836752	1528107836768	OK	 
REQUEST	Car Search	37		Get Car by VIN 123456	1528107836769	1528107836777	OK	 
REQUEST	Car Search	32		Get Car by VIN 456123	1528107836808	1528107836812	OK	 
REQUEST	Car Search	34		Get Car by VIN 654321	1528107836808	1528107836812	OK	 
REQUEST	Car Search	24		Get Car by VIN 654321	1528107836819	1528107836824	OK	 
REQUEST	Car Search	27		Get Car by VIN 654321	1528107836820	1528107836824	OK	 
REQUEST	Car Search	29		Get Car by VIN 123456	1528107836820	1528107836827	OK	 
REQUEST	Car Search	22		Get Car by VIN 123456	1528107836830	1528107836834	OK	 
REQUEST	Car Search	19		Get Car by VIN 654321	1528107836861	1528107836864	OK	 
REQUEST	Car Search	17		Get Car by VIN 123456	1528107836860	1528107836864	OK	 
USER	Car Search	9	END	1528107821268	1528107836889
REQUEST	Car Search	14		Get Car by VIN 141451	1528107836892	1528107836897	KO	status.find.in(200,304,201,202,203,204,205,206,207,208,209), but actually found 404
USER	Car Search	6	END	1528107821266	1528107836913
USER	Car Search	8	END	1528107821268	1528107836913
USER	Car Search	3	END	1528107821264	1528107836918
USER	Car Search	12	END	1528107821793	1528107836959
USER	Car Search	5	END	1528107821265	1528107836959
USER	Car Search	10	END	1528107821271	1528107836992
USER	Car Search	11	END	1528107821276	1528107837004
USER	Car Search	1	END	1528107821229	1528107837008
USER	Car Search	4	END	1528107821265	1528107837018
USER	Car Search	2	END	1528107821263	1528107837050
USER	Car Search	7	END	1528107821267	1528107837050
USER	Car Search	38	START	1528107837248	1528107837248
REQUEST	Car Search	38		get_all	1528107837248	1528107837254	OK	 
REQUEST	Car Search	38		Get Car by VIN 456123	1528107837254	1528107837258	OK	 
REQUEST	Car Search	36		Get Car by VIN 123456	1528107837279	1528107837283	OK	 
REQUEST	Car Search	35		Get Car by VIN 123456	1528107837291	1528107837300	OK	 
REQUEST	Car Search	31		Get Car by VIN 123456	1528107837291	1528107837301	OK	 
REQUEST	Car Search	33		Get Car by VIN 456123	1528107837290	1528107837302	OK	 
REQUEST	Car Search	28		Get Car by VIN 456123	1528107837322	1528107837326	OK	 
REQUEST	Car Search	26		Get Car by VIN 456123	1528107837342	1528107837346	OK	 
REQUEST	Car Search	23		Get Car by VIN 654321	1528107837353	1528107837361	OK	 
REQUEST	Car Search	21		Get Car by VIN 456123	1528107837353	1528107837361	OK	 
REQUEST	Car Search	25		Get Car by VIN 654321	1528107837352	1528107837362	OK	 
REQUEST	Car Search	30		Get Car by VIN 141451	1528107837366	1528107837374	KO	status.find.in(200,304,201,202,203,204,205,206,207,208,209), but actually found 404
REQUEST	Car Search	16		Get Car by VIN 141451	1528107837366	1528107837375	KO	status.find.in(200,304,201,202,203,204,205,206,207,208,209), but actually found 404
REQUEST	Car Search	20		Get Car by VIN 123456	1528107837365	1528107837376	OK	 
REQUEST	Car Search	18		Get Car by VIN 123456	1528107837365	1528107837376	OK	 
REQUEST	Car Search	15		Get Car by VIN 654321	1528107837388	1528107837392	OK	 
USER	Car Search	13	END	1528107822292	1528107837419
USER	Car Search	39	START	1528107837739	1528107837739
REQUEST	Car Search	39		get_all	1528107837740	1528107837755	OK	 
REQUEST	Car Search	39		Get Car by VIN 123456	1528107837756	1528107837767	OK	 
REQUEST	Car Search	37		Get Car by VIN 123456	1528107837790	1528107837794	OK	 
REQUEST	Car Search	32		Get Car by VIN 141451	1528107837812	1528107837815	KO	status.find.in(200,304,201,202,203,204,205,206,207,208,209), but actually found 404
REQUEST	Car Search	34		Get Car by VIN 654321	1528107837812	1528107837818	OK	 
REQUEST	Car Search	27		Get Car by VIN 141451	1528107837832	1528107837838	KO	status.find.in(200,304,201,202,203,204,205,206,207,208,209), but actually found 404
REQUEST	Car Search	22		Get Car by VIN 141451	1528107837833	1528107837840	KO	status.find.in(200,304,201,202,203,204,205,206,207,208,209), but actually found 404
REQUEST	Car Search	29		Get Car by VIN 123456	1528107837833	1528107837842	OK	 
REQUEST	Car Search	24		Get Car by VIN 141451	1528107837844	1528107837851	KO	status.find.in(200,304,201,202,203,204,205,206,207,208,209), but actually found 404
REQUEST	Car Search	17		Get Car by VIN 456123	1528107837858	1528107837874	OK	 
REQUEST	Car Search	19		Get Car by VIN 141451	1528107837858	1528107837874	KO	status.find.in(200,304,201,202,203,204,205,206,207,208,209), but actually found 404
USER	Car Search	14	END	1528107822788	1528107837899
USER	Car Search	40	START	1528107838243	1528107838243
REQUEST	Car Search	40		get_all	1528107838243	1528107838255	OK	 
REQUEST	Car Search	40		Get Car by VIN 123456	1528107838257	1528107838266	OK	 
REQUEST	Car Search	38		Get Car by VIN 141451	1528107838279	1528107838284	KO	status.find.in(200,304,201,202,203,204,205,206,207,208,209), but actually found 404
REQUEST	Car Search	36		Get Car by VIN 456123	1528107838279	1528107838285	OK	 
REQUEST	Car Search	31		Get Car by VIN 456123	1528107838299	1528107838306	OK	 
REQUEST	Car Search	35		Get Car by VIN 123456	1528107838289	1528107838306	OK	 
REQUEST	Car Search	33		Get Car by VIN 654321	1528107838299	1528107838307	OK	 
REQUEST	Car Search	28		Get Car by VIN 123456	1528107838319	1528107838322	OK	 
REQUEST	Car Search	21		Get Car by VIN 456123	1528107838352	1528107838358	OK	 
REQUEST	Car Search	23		Get Car by VIN 123456	1528107838353	1528107838358	OK	 
REQUEST	Car Search	26		Get Car by VIN 456123	1528107838352	1528107838359	OK	 
REQUEST	Car Search	25		Get Car by VIN 123456	1528107838362	1528107838365	OK	 
REQUEST	Car Search	18		Get Car by VIN 456123	1528107838373	1528107838377	OK	 
REQUEST	Car Search	20		Get Car by VIN 141451	1528107838372	1528107838377	KO	status.find.in(200,304,201,202,203,204,205,206,207,208,209), but actually found 404
REQUEST	Car Search	16		Get Car by VIN 456123	1528107838372	1528107838378	OK	 
REQUEST	Car Search	30		Get Car by VIN 141451	1528107838383	1528107838386	KO	status.find.in(200,304,201,202,203,204,205,206,207,208,209), but actually found 404
USER	Car Search	15	END	1528107823288	1528107838404
REQUEST	Car Search	39		Get Car by VIN 456123	1528107838784	1528107838788	OK	 
REQUEST	Car Search	37		Get Car by VIN 456123	1528107838798	1528107838801	OK	 
REQUEST	Car Search	32		Get Car by VIN 456123	1528107838808	1528107838811	OK	 
REQUEST	Car Search	34		Get Car by VIN 141451	1528107838819	1528107838822	KO	status.find.in(200,304,201,202,203,204,205,206,207,208,209), but actually found 404
REQUEST	Car Search	29		Get Car by VIN 654321	1528107838829	1528107838838	OK	 
REQUEST	Car Search	27		Get Car by VIN 654321	1528107838830	1528107838838	OK	 
REQUEST	Car Search	24		Get Car by VIN 141451	1528107838829	1528107838838	KO	status.find.in(200,304,201,202,203,204,205,206,207,208,209), but actually found 404
REQUEST	Car Search	22		Get Car by VIN 456123	1528107838840	1528107838844	OK	 
REQUEST	Car Search	17		Get Car by VIN 654321	1528107838882	1528107838887	OK	 
REQUEST	Car Search	19		Get Car by VIN 123456	1528107838882	1528107838889	OK	 
USER	Car Search	41	START	1528107839249	1528107839249
REQUEST	Car Search	41		get_all	1528107839249	1528107839260	OK	 
REQUEST	Car Search	41		Get Car by VIN 654321	1528107839260	1528107839265	OK	 
REQUEST	Car Search	40		Get Car by VIN 456123	1528107839270	1528107839273	OK	 
REQUEST	Car Search	38		Get Car by VIN 654321	1528107839280	1528107839283	OK	 
REQUEST	Car Search	36		Get Car by VIN 123456	1528107839290	1528107839294	OK	 
REQUEST	Car Search	33		Get Car by VIN 123456	1528107839300	1528107839304	OK	 
REQUEST	Car Search	31		Get Car by VIN 456123	1528107839311	1528107839321	OK	 
REQUEST	Car Search	35		Get Car by VIN 456123	1528107839311	1528107839321	OK	 
REQUEST	Car Search	28		Get Car by VIN 654321	1528107839333	1528107839338	OK	 
REQUEST	Car Search	26		Get Car by VIN 456123	1528107839363	1528107839367	OK	 
REQUEST	Car Search	23		Get Car by VIN 654321	1528107839364	1528107839369	OK	 
REQUEST	Car Search	21		Get Car by VIN 123456	1528107839363	1528107839369	OK	 
USER	Car Search	16	END	1528107824248	1528107839374
REQUEST	Car Search	18		Get Car by VIN 456123	1528107839374	1528107839386	OK	 
REQUEST	Car Search	20		Get Car by VIN 654321	1528107839374	1528107839386	OK	 
REQUEST	Car Search	25		Get Car by VIN 123456	1528107839375	1528107839388	OK	 
REQUEST	Car Search	30		Get Car by VIN 456123	1528107839389	1528107839394	OK	 
USER	Car Search	42	START	1528107839750	1528107839750
REQUEST	Car Search	42		get_all	1528107839750	1528107839763	OK	 
REQUEST	Car Search	42		Get Car by VIN 654321	1528107839764	1528107839771	OK	 
REQUEST	Car Search	39		Get Car by VIN 654321	1528107839791	1528107839795	OK	 
REQUEST	Car Search	37		Get Car by VIN 123456	1528107839803	1528107839807	OK	 
REQUEST	Car Search	34		Get Car by VIN 456123	1528107839824	1528107839828	OK	 
REQUEST	Car Search	32		Get Car by VIN 654321	1528107839823	1528107839827	OK	 
REQUEST	Car Search	27		Get Car by VIN 654321	1528107839838	1528107839841	OK	 
REQUEST	Car Search	22		Get Car by VIN 141451	1528107839849	1528107839865	KO	status.find.in(200,304,201,202,203,204,205,206,207,208,209), but actually found 404
REQUEST	Car Search	29		Get Car by VIN 141451	1528107839849	1528107839866	KO	status.find.in(200,304,201,202,203,204,205,206,207,208,209), but actually found 404
REQUEST	Car Search	24		Get Car by VIN 141451	1528107839848	1528107839865	KO	status.find.in(200,304,201,202,203,204,205,206,207,208,209), but actually found 404
USER	Car Search	17	END	1528107824748	1528107839881
REQUEST	Car Search	19		Get Car by VIN 123456	1528107839882	1528107839887	OK	 
USER	Car Search	43	START	1528107840249	1528107840249
REQUEST	Car Search	43		get_all	1528107840249	1528107840258	OK	 
REQUEST	Car Search	43		Get Car by VIN 654321	1528107840259	1528107840265	OK	 
REQUEST	Car Search	41		Get Car by VIN 654321	1528107840281	1528107840286	OK	 
REQUEST	Car Search	40		Get Car by VIN 123456	1528107840292	1528107840295	OK	 
REQUEST	Car Search	36		Get Car by VIN 141451	1528107840291	1528107840295	KO	status.find.in(200,304,201,202,203,204,205,206,207,208,209), but actually found 404
REQUEST	Car Search	38		Get Car by VIN 123456	1528107840291	1528107840301	OK	 
REQUEST	Car Search	33		Get Car by VIN 141451	1528107840312	1528107840315	KO	status.find.in(200,304,201,202,203,204,205,206,207,208,209), but actually found 404
REQUEST	Car Search	31		Get Car by VIN 123456	1528107840312	1528107840317	OK	 
REQUEST	Car Search	35		Get Car by VIN 123456	1528107840322	1528107840330	OK	 
REQUEST	Car Search	28		Get Car by VIN 141451	1528107840322	1528107840330	KO	status.find.in(200,304,201,202,203,204,205,206,207,208,209), but actually found 404
REQUEST	Car Search	26		Get Car by VIN 456123	1528107840363	1528107840367	OK	 
REQUEST	Car Search	21		Get Car by VIN 141451	1528107840375	1528107840379	KO	status.find.in(200,304,201,202,203,204,205,206,207,208,209), but actually found 404
REQUEST	Car Search	23		Get Car by VIN 654321	1528107840374	1528107840382	OK	 
USER	Car Search	18	END	1528107825249	1528107840383
REQUEST	Car Search	20		Get Car by VIN 123456	1528107840390	1528107840400	OK	 
REQUEST	Car Search	30		Get Car by VIN 141451	1528107840390	1528107840407	KO	status.find.in(200,304,201,202,203,204,205,206,207,208,209), but actually found 404
REQUEST	Car Search	25		Get Car by VIN 123456	1528107840386	1528107840409	OK	 
USER	Car Search	44	START	1528107840748	1528107840748
REQUEST	Car Search	44		get_all	1528107840748	1528107840761	OK	 
REQUEST	Car Search	44		Get Car by VIN 654321	1528107840762	1528107840771	OK	 
REQUEST	Car Search	42		Get Car by VIN 141451	1528107840791	1528107840795	KO	status.find.in(200,304,201,202,203,204,205,206,207,208,209), but actually found 404
REQUEST	Car Search	39		Get Car by VIN 456123	1528107840790	1528107840796	OK	 
REQUEST	Car Search	37		Get Car by VIN 123456	1528107840811	1528107840816	OK	 
REQUEST	Car Search	32		Get Car by VIN 123456	1528107840811	1528107840818	OK	 
REQUEST	Car Search	34		Get Car by VIN 141451	1528107840822	1528107840826	KO	status.find.in(200,304,201,202,203,204,205,206,207,208,209), but actually found 404
REQUEST	Car Search	27		Get Car by VIN 141451	1528107840848	1528107840852	KO	status.find.in(200,304,201,202,203,204,205,206,207,208,209), but actually found 404
REQUEST	Car Search	22		Get Car by VIN 123456	1528107840858	1528107840862	OK	 
REQUEST	Car Search	24		Get Car by VIN 123456	1528107840869	1528107840875	OK	 
REQUEST	Car Search	29		Get Car by VIN 654321	1528107840868	1528107840875	OK	 
USER	Car Search	19	END	1528107825753	1528107840890
USER	Car Search	45	START	1528107841252	1528107841252
REQUEST	Car Search	45		get_all	1528107841252	1528107841261	OK	 
REQUEST	Car Search	45		Get Car by VIN 141451	1528107841261	1528107841265	KO	status.find.in(200,304,201,202,203,204,205,206,207,208,209), but actually found 404
REQUEST	Car Search	43		Get Car by VIN 141451	1528107841278	1528107841283	KO	status.find.in(200,304,201,202,203,204,205,206,207,208,209), but actually found 404
REQUEST	Car Search	38		Get Car by VIN 141451	1528107841289	1528107841298	KO	status.find.in(200,304,201,202,203,204,205,206,207,208,209), but actually found 404
REQUEST	Car Search	41		Get Car by VIN 141451	1528107841289	1528107841298	KO	status.find.in(200,304,201,202,203,204,205,206,207,208,209), but actually found 404
REQUEST	Car Search	40		Get Car by VIN 123456	1528107841288	1528107841299	OK	 
REQUEST	Car Search	36		Get Car by VIN 123456	1528107841301	1528107841306	OK	 
REQUEST	Car Search	33		Get Car by VIN 141451	1528107841310	1528107841313	KO	status.find.in(200,304,201,202,203,204,205,206,207,208,209), but actually found 404
REQUEST	Car Search	31		Get Car by VIN 123456	1528107841321	1528107841325	OK	 
REQUEST	Car Search	35		Get Car by VIN 123456	1528107841332	1528107841339	OK	 
REQUEST	Car Search	28		Get Car by VIN 456123	1528107841333	1528107841339	OK	 
REQUEST	Car Search	26		Get Car by VIN 654321	1528107841368	1528107841372	OK	 
REQUEST	Car Search	21		Get Car by VIN 456123	1528107841368	1528107841373	OK	 
REQUEST	Car Search	23		Get Car by VIN 456123	1528107841378	1528107841383	OK	 
USER	Car Search	20	END	1528107826248	1528107841398
REQUEST	Car Search	25		Get Car by VIN 141451	1528107841399	1528107841402	KO	status.find.in(200,304,201,202,203,204,205,206,207,208,209), but actually found 404
REQUEST	Car Search	30		Get Car by VIN 456123	1528107841408	1528107841412	OK	 
REQUEST	Car Search	42		Get Car by VIN 123456	1528107841788	1528107841794	OK	 
REQUEST	Car Search	44		Get Car by VIN 123456	1528107841789	1528107841797	OK	 
REQUEST	Car Search	39		Get Car by VIN 456123	1528107841799	1528107841804	OK	 
REQUEST	Car Search	37		Get Car by VIN 654321	1528107841809	1528107841812	OK	 
REQUEST	Car Search	32		Get Car by VIN 141451	1528107841819	1528107841822	KO	status.find.in(200,304,201,202,203,204,205,206,207,208,209), but actually found 404
REQUEST	Car Search	34		Get Car by VIN 141451	1528107841830	1528107841832	KO	status.find.in(200,304,201,202,203,204,205,206,207,208,209), but actually found 404
REQUEST	Car Search	27		Get Car by VIN 456123	1528107841840	1528107841844	OK	 
REQUEST	Car Search	22		Get Car by VIN 123456	1528107841872	1528107841875	OK	 
REQUEST	Car Search	24		Get Car by VIN 654321	1528107841872	1528107841877	OK	 
REQUEST	Car Search	29		Get Car by VIN 123456	1528107841871	1528107841877	OK	 
USER	Car Search	46	START	1528107842249	1528107842249
REQUEST	Car Search	46		get_all	1528107842249	1528107842258	OK	 
REQUEST	Car Search	46		Get Car by VIN 456123	1528107842259	1528107842262	OK	 
REQUEST	Car Search	45		Get Car by VIN 456123	1528107842270	1528107842274	OK	 
REQUEST	Car Search	43		Get Car by VIN 141451	1528107842291	1528107842298	KO	status.find.in(200,304,201,202,203,204,205,206,207,208,209), but actually found 404
REQUEST	Car Search	40		Get Car by VIN 654321	1528107842302	1528107842311	OK	 
REQUEST	Car Search	41		Get Car by VIN 123456	1528107842303	1528107842316	OK	 
REQUEST	Car Search	38		Get Car by VIN 456123	1528107842304	1528107842317	OK	 
REQUEST	Car Search	36		Get Car by VIN 123456	1528107842306	1528107842320	OK	 
REQUEST	Car Search	33		Get Car by VIN 456123	1528107842318	1528107842323	OK	 
REQUEST	Car Search	31		Get Car by VIN 123456	1528107842328	1528107842332	OK	 
REQUEST	Car Search	35		Get Car by VIN 654321	1528107842328	1528107842333	OK	 
REQUEST	Car Search	28		Get Car by VIN 141451	1528107842339	1528107842342	KO	status.find.in(200,304,201,202,203,204,205,206,207,208,209), but actually found 404
USER	Car Search	21	END	1528107827238	1528107842370
REQUEST	Car Search	26		Get Car by VIN 123456	1528107842370	1528107842374	OK	 
REQUEST	Car Search	23		Get Car by VIN 141451	1528107842391	1528107842394	KO	status.find.in(200,304,201,202,203,204,205,206,207,208,209), but actually found 404
REQUEST	Car Search	25		Get Car by VIN 123456	1528107842412	1528107842416	OK	 
REQUEST	Car Search	30		Get Car by VIN 123456	1528107842423	1528107842427	OK	 
USER	Car Search	47	START	1528107842748	1528107842748
REQUEST	Car Search	47		get_all	1528107842748	1528107842758	OK	 
REQUEST	Car Search	47		Get Car by VIN 456123	1528107842759	1528107842766	OK	 
REQUEST	Car Search	44		Get Car by VIN 456123	1528107842801	1528107842804	OK	 
REQUEST	Car Search	42		Get Car by VIN 141451	1528107842800	1528107842804	KO	status.find.in(200,304,201,202,203,204,205,206,207,208,209), but actually found 404
REQUEST	Car Search	39		Get Car by VIN 141451	1528107842811	1528107842815	KO	status.find.in(200,304,201,202,203,204,205,206,207,208,209), but actually found 404
REQUEST	Car Search	37		Get Car by VIN 456123	1528107842822	1528107842828	OK	 
REQUEST	Car Search	32		Get Car by VIN 123456	1528107842832	1528107842836	OK	 
REQUEST	Car Search	34		Get Car by VIN 654321	1528107842843	1528107842846	OK	 
REQUEST	Car Search	27		Get Car by VIN 141451	1528107842853	1528107842856	KO	status.find.in(200,304,201,202,203,204,205,206,207,208,209), but actually found 404
USER	Car Search	22	END	1528107827750	1528107842869
REQUEST	Car Search	24		Get Car by VIN 123456	1528107842879	1528107842885	OK	 
REQUEST	Car Search	29		Get Car by VIN 654321	1528107842880	1528107842885	OK	 
USER	Car Search	48	START	1528107843252	1528107843252
REQUEST	Car Search	48		get_all	1528107843252	1528107843266	OK	 
REQUEST	Car Search	48		Get Car by VIN 456123	1528107843267	1528107843275	OK	 
REQUEST	Car Search	46		Get Car by VIN 141451	1528107843279	1528107843284	KO	status.find.in(200,304,201,202,203,204,205,206,207,208,209), but actually found 404
REQUEST	Car Search	45		Get Car by VIN 456123	1528107843289	1528107843293	OK	 
REQUEST	Car Search	43		Get Car by VIN 141451	1528107843289	1528107843294	KO	status.find.in(200,304,201,202,203,204,205,206,207,208,209), but actually found 404
REQUEST	Car Search	41		Get Car by VIN 654321	1528107843299	1528107843302	OK	 
REQUEST	Car Search	40		Get Car by VIN 654321	1528107843310	1528107843330	OK	 
REQUEST	Car Search	33		Get Car by VIN 654321	1528107843311	1528107843330	OK	 
REQUEST	Car Search	36		Get Car by VIN 141451	1528107843311	1528107843330	KO	status.find.in(200,304,201,202,203,204,205,206,207,208,209), but actually found 404
REQUEST	Car Search	38		Get Car by VIN 456123	1528107843310	1528107843330	OK	 
REQUEST	Car Search	31		Get Car by VIN 141451	1528107843332	1528107843335	KO	status.find.in(200,304,201,202,203,204,205,206,207,208,209), but actually found 404
REQUEST	Car Search	35		Get Car by VIN 123456	1528107843342	1528107843345	OK	 
REQUEST	Car Search	28		Get Car by VIN 141451	1528107843353	1528107843355	KO	status.find.in(200,304,201,202,203,204,205,206,207,208,209), but actually found 404
REQUEST	Car Search	26		Get Car by VIN 654321	1528107843378	1528107843382	OK	 
USER	Car Search	23	END	1528107828248	1528107843389
REQUEST	Car Search	30		Get Car by VIN 654321	1528107843410	1528107843415	OK	 
REQUEST	Car Search	25		Get Car by VIN 456123	1528107843409	1528107843415	OK	 
USER	Car Search	49	START	1528107843748	1528107843748
REQUEST	Car Search	49		get_all	1528107843748	1528107843755	OK	 
REQUEST	Car Search	49		Get Car by VIN 141451	1528107843755	1528107843759	KO	status.find.in(200,304,201,202,203,204,205,206,207,208,209), but actually found 404
REQUEST	Car Search	47		Get Car by VIN 123456	1528107843779	1528107843784	OK	 
REQUEST	Car Search	44		Get Car by VIN 141451	1528107843801	1528107843804	KO	status.find.in(200,304,201,202,203,204,205,206,207,208,209), but actually found 404
REQUEST	Car Search	39		Get Car by VIN 654321	1528107843812	1528107843816	OK	 
REQUEST	Car Search	42		Get Car by VIN 654321	1528107843813	1528107843816	OK	 
REQUEST	Car Search	37		Get Car by VIN 654321	1528107843822	1528107843825	OK	 
REQUEST	Car Search	32		Get Car by VIN 123456	1528107843832	1528107843835	OK	 
REQUEST	Car Search	27		Get Car by VIN 141451	1528107843843	1528107843846	KO	status.find.in(200,304,201,202,203,204,205,206,207,208,209), but actually found 404
REQUEST	Car Search	34		Get Car by VIN 654321	1528107843843	1528107843847	OK	 
USER	Car Search	24	END	1528107828752	1528107843889
REQUEST	Car Search	29		Get Car by VIN 141451	1528107843889	1528107843892	KO	status.find.in(200,304,201,202,203,204,205,206,207,208,209), but actually found 404
USER	Car Search	50	START	1528107844253	1528107844253
REQUEST	Car Search	50		get_all	1528107844253	1528107844260	OK	 
REQUEST	Car Search	50		Get Car by VIN 456123	1528107844261	1528107844265	OK	 
REQUEST	Car Search	48		Get Car by VIN 141451	1528107844279	1528107844283	KO	status.find.in(200,304,201,202,203,204,205,206,207,208,209), but actually found 404
REQUEST	Car Search	46		Get Car by VIN 141451	1528107844290	1528107844293	KO	status.find.in(200,304,201,202,203,204,205,206,207,208,209), but actually found 404
REQUEST	Car Search	45		Get Car by VIN 654321	1528107844302	1528107844305	OK	 
REQUEST	Car Search	43		Get Car by VIN 141451	1528107844301	1528107844305	KO	status.find.in(200,304,201,202,203,204,205,206,207,208,209), but actually found 404
REQUEST	Car Search	41		Get Car by VIN 456123	1528107844322	1528107844325	OK	 
REQUEST	Car Search	31		Get Car by VIN 654321	1528107844334	1528107844337	OK	 
REQUEST	Car Search	40		Get Car by VIN 123456	1528107844333	1528107844337	OK	 
REQUEST	Car Search	33		Get Car by VIN 123456	1528107844338	1528107844345	OK	 
REQUEST	Car Search	38		Get Car by VIN 456123	1528107844339	1528107844345	OK	 
REQUEST	Car Search	36		Get Car by VIN 123456	1528107844338	1528107844346	OK	 
REQUEST	Car Search	28		Get Car by VIN 456123	1528107844348	1528107844356	OK	 
REQUEST	Car Search	35		Get Car by VIN 141451	1528107844348	1528107844356	KO	status.find.in(200,304,201,202,203,204,205,206,207,208,209), but actually found 404
REQUEST	Car Search	26		Get Car by VIN 141451	1528107844379	1528107844383	KO	status.find.in(200,304,201,202,203,204,205,206,207,208,209), but actually found 404
USER	Car Search	25	END	1528107829252	1528107844421
REQUEST	Car Search	30		Get Car by VIN 141451	1528107844432	1528107844434	KO	status.find.in(200,304,201,202,203,204,205,206,207,208,209), but actually found 404
REQUEST	Car Search	49		Get Car by VIN 141451	1528107844781	1528107844785	KO	status.find.in(200,304,201,202,203,204,205,206,207,208,209), but actually found 404
REQUEST	Car Search	47		Get Car by VIN 654321	1528107844792	1528107844797	OK	 
REQUEST	Car Search	44		Get Car by VIN 654321	1528107844813	1528107844819	OK	 
REQUEST	Car Search	42		Get Car by VIN 141451	1528107844814	1528107844819	KO	status.find.in(200,304,201,202,203,204,205,206,207,208,209), but actually found 404
REQUEST	Car Search	39		Get Car by VIN 123456	1528107844814	1528107844820	OK	 
REQUEST	Car Search	32		Get Car by VIN 654321	1528107844828	1528107844833	OK	 
REQUEST	Car Search	37		Get Car by VIN 141451	1528107844828	1528107844833	KO	status.find.in(200,304,201,202,203,204,205,206,207,208,209), but actually found 404
REQUEST	Car Search	34		Get Car by VIN 123456	1528107844838	1528107844841	OK	 
REQUEST	Car Search	27		Get Car by VIN 654321	1528107844860	1528107844864	OK	 
REQUEST	Car Search	29		Get Car by VIN 123456	1528107844891	1528107844895	OK	 
USER	Car Search	51	START	1528107845249	1528107845249
REQUEST	Car Search	51		get_all	1528107845249	1528107845258	OK	 
REQUEST	Car Search	51		Get Car by VIN 456123	1528107845259	1528107845264	OK	 
REQUEST	Car Search	50		Get Car by VIN 123456	1528107845270	1528107845275	OK	 
REQUEST	Car Search	46		Get Car by VIN 456123	1528107845290	1528107845294	OK	 
REQUEST	Car Search	48		Get Car by VIN 456123	1528107845302	1528107845306	OK	 
REQUEST	Car Search	45		Get Car by VIN 123456	1528107845301	1528107845308	OK	 
REQUEST	Car Search	43		Get Car by VIN 654321	1528107845312	1528107845320	OK	 
REQUEST	Car Search	41		Get Car by VIN 123456	1528107845323	1528107845327	OK	 
REQUEST	Car Search	31		Get Car by VIN 456123	1528107845334	1528107845361	OK	 
REQUEST	Car Search	40		Get Car by VIN 456123	1528107845333	1528107845361	OK	 
REQUEST	Car Search	35		Get Car by VIN 123456	1528107845348	1528107845361	OK	 
REQUEST	Car Search	38		Get Car by VIN 123456	1528107845341	1528107845361	OK	 
REQUEST	Car Search	33		Get Car by VIN 456123	1528107845338	1528107845361	OK	 
REQUEST	Car Search	36		Get Car by VIN 123456	1528107845343	1528107845362	OK	 
REQUEST	Car Search	28		Get Car by VIN 456123	1528107845358	1528107845364	OK	 
USER	Car Search	26	END	1528107830251	1528107845389
REQUEST	Car Search	30		Get Car by VIN 456123	1528107845432	1528107845436	OK	 
USER	Car Search	52	START	1528107845753	1528107845753
REQUEST	Car Search	52		get_all	1528107845753	1528107845763	OK	 
REQUEST	Car Search	52		Get Car by VIN 123456	1528107845764	1528107845770	OK	 
REQUEST	Car Search	49		Get Car by VIN 654321	1528107845779	1528107845783	OK	 
REQUEST	Car Search	47		Get Car by VIN 456123	1528107845789	1528107845793	OK	 
REQUEST	Car Search	44		Get Car by VIN 654321	1528107845811	1528107845816	OK	 
REQUEST	Car Search	42		Get Car by VIN 654321	1528107845810	1528107845816	OK	 
REQUEST	Car Search	39		Get Car by VIN 123456	1528107845821	1528107845824	OK	 
REQUEST	Car Search	37		Get Car by VIN 141451	1528107845832	1528107845835	KO	status.find.in(200,304,201,202,203,204,205,206,207,208,209), but actually found 404
REQUEST	Car Search	32		Get Car by VIN 654321	1528107845843	1528107845846	OK	 
REQUEST	Car Search	34		Get Car by VIN 141451	1528107845853	1528107845856	KO	status.find.in(200,304,201,202,203,204,205,206,207,208,209), but actually found 404
USER	Car Search	27	END	1528107830748	1528107845863
REQUEST	Car Search	29		Get Car by VIN 456123	1528107845888	1528107845891	OK	 
USER	Car Search	53	START	1528107846248	1528107846248
REQUEST	Car Search	53		get_all	1528107846248	1528107846256	OK	 
REQUEST	Car Search	53		Get Car by VIN 654321	1528107846256	1528107846261	OK	 
REQUEST	Car Search	51		Get Car by VIN 141451	1528107846280	1528107846283	KO	status.find.in(200,304,201,202,203,204,205,206,207,208,209), but actually found 404
REQUEST	Car Search	50		Get Car by VIN 456123	1528107846291	1528107846294	OK	 
REQUEST	Car Search	46		Get Car by VIN 123456	1528107846302	1528107846308	OK	 
REQUEST	Car Search	45		Get Car by VIN 123456	1528107846301	1528107846310	OK	 
REQUEST	Car Search	48		Get Car by VIN 654321	1528107846301	1528107846311	OK	 
REQUEST	Car Search	43		Get Car by VIN 654321	1528107846313	1528107846316	OK	 
REQUEST	Car Search	41		Get Car by VIN 456123	1528107846323	1528107846326	OK	 
USER	Car Search	28	END	1528107831249	1528107846348
REQUEST	Car Search	36		Get Car by VIN 141451	1528107846359	1528107846367	KO	status.find.in(200,304,201,202,203,204,205,206,207,208,209), but actually found 404
REQUEST	Car Search	38		Get Car by VIN 654321	1528107846359	1528107846368	OK	 
REQUEST	Car Search	35		Get Car by VIN 654321	1528107846359	1528107846368	OK	 
REQUEST	Car Search	31		Get Car by VIN 456123	1528107846358	1528107846368	OK	 
REQUEST	Car Search	40		Get Car by VIN 456123	1528107846358	1528107846369	OK	 
REQUEST	Car Search	33		Get Car by VIN 654321	1528107846368	1528107846373	OK	 
REQUEST	Car Search	30		Get Car by VIN 141451	1528107846432	1528107846434	KO	status.find.in(200,304,201,202,203,204,205,206,207,208,209), but actually found 404
USER	Car Search	54	START	1528107846738	1528107846738
REQUEST	Car Search	54		get_all	1528107846738	1528107846743	OK	 
REQUEST	Car Search	54		Get Car by VIN 456123	1528107846744	1528107846747	OK	 
REQUEST	Car Search	52		Get Car by VIN 456123	1528107846791	1528107846794	OK	 
REQUEST	Car Search	49		Get Car by VIN 123456	1528107846791	1528107846795	OK	 
REQUEST	Car Search	47		Get Car by VIN 654321	1528107846801	1528107846804	OK	 
REQUEST	Car Search	44		Get Car by VIN 456123	1528107846822	1528107846825	OK	 
REQUEST	Car Search	42		Get Car by VIN 654321	1528107846822	1528107846826	OK	 
REQUEST	Car Search	39		Get Car by VIN 141451	1528107846833	1528107846836	KO	status.find.in(200,304,201,202,203,204,205,206,207,208,209), but actually found 404
REQUEST	Car Search	32		Get Car by VIN 456123	1528107846844	1528107846852	OK	 
REQUEST	Car Search	37		Get Car by VIN 141451	1528107846843	1528107846852	KO	status.find.in(200,304,201,202,203,204,205,206,207,208,209), but actually found 404
REQUEST	Car Search	34		Get Car by VIN 141451	1528107846854	1528107846856	KO	status.find.in(200,304,201,202,203,204,205,206,207,208,209), but actually found 404
USER	Car Search	29	END	1528107831749	1528107846899
USER	Car Search	55	START	1528107847238	1528107847238
REQUEST	Car Search	55		get_all	1528107847238	1528107847248	OK	 
REQUEST	Car Search	55		Get Car by VIN 654321	1528107847248	1528107847253	OK	 
REQUEST	Car Search	53		Get Car by VIN 141451	1528107847279	1528107847282	KO	status.find.in(200,304,201,202,203,204,205,206,207,208,209), but actually found 404
REQUEST	Car Search	51		Get Car by VIN 141451	1528107847290	1528107847298	KO	status.find.in(200,304,201,202,203,204,205,206,207,208,209), but actually found 404
REQUEST	Car Search	50		Get Car by VIN 141451	1528107847290	1528107847298	KO	status.find.in(200,304,201,202,203,204,205,206,207,208,209), but actually found 404
REQUEST	Car Search	46		Get Car by VIN 123456	1528107847300	1528107847303	OK	 
REQUEST	Car Search	45		Get Car by VIN 654321	1528107847311	1528107847318	OK	 
REQUEST	Car Search	48		Get Car by VIN 123456	1528107847310	1528107847318	OK	 
REQUEST	Car Search	43		Get Car by VIN 654321	1528107847321	1528107847326	OK	 
REQUEST	Car Search	41		Get Car by VIN 456123	1528107847321	1528107847326	OK	 
REQUEST	Car Search	36		Get Car by VIN 123456	1528107847363	1528107847366	OK	 
REQUEST	Car Search	31		Get Car by VIN 123456	1528107847374	1528107847378	OK	 
REQUEST	Car Search	35		Get Car by VIN 456123	1528107847378	1528107847383	OK	 
REQUEST	Car Search	40		Get Car by VIN 456123	1528107847378	1528107847386	OK	 
REQUEST	Car Search	38		Get Car by VIN 654321	1528107847379	1528107847386	OK	 
REQUEST	Car Search	33		Get Car by VIN 654321	1528107847379	1528107847387	OK	 
USER	Car Search	30	END	1528107832248	1528107847430
REQUEST	Car Search	54		Get Car by VIN 456123	1528107847760	1528107847764	OK	 
REQUEST	Car Search	49		Get Car by VIN 123456	1528107847791	1528107847794	OK	 
REQUEST	Car Search	52		Get Car by VIN 141451	1528107847791	1528107847795	KO	status.find.in(200,304,201,202,203,204,205,206,207,208,209), but actually found 404
REQUEST	Car Search	47		Get Car by VIN 141451	1528107847802	1528107847805	KO	status.find.in(200,304,201,202,203,204,205,206,207,208,209), but actually found 404
REQUEST	Car Search	42		Get Car by VIN 456123	1528107847823	1528107847826	OK	 
REQUEST	Car Search	44		Get Car by VIN 123456	1528107847823	1528107847826	OK	 
REQUEST	Car Search	39		Get Car by VIN 456123	1528107847834	1528107847837	OK	 
REQUEST	Car Search	32		Get Car by VIN 123456	1528107847838	1528107847843	OK	 
REQUEST	Car Search	37		Get Car by VIN 123456	1528107847838	1528107847845	OK	 
REQUEST	Car Search	34		Get Car by VIN 456123	1528107847839	1528107847847	OK	 
USER	Car Search	56	START	1528107848251	1528107848251
REQUEST	Car Search	56		get_all	1528107848251	1528107848260	OK	 
REQUEST	Car Search	56		Get Car by VIN 123456	1528107848260	1528107848266	OK	 
REQUEST	Car Search	55		Get Car by VIN 456123	1528107848272	1528107848276	OK	 
REQUEST	Car Search	51		Get Car by VIN 654321	1528107848294	1528107848300	OK	 
REQUEST	Car Search	53		Get Car by VIN 141451	1528107848294	1528107848299	KO	status.find.in(200,304,201,202,203,204,205,206,207,208,209), but actually found 404
REQUEST	Car Search	50		Get Car by VIN 456123	1528107848298	1528107848303	OK	 
REQUEST	Car Search	46		Get Car by VIN 123456	1528107848311	1528107848314	OK	 
REQUEST	Car Search	41		Get Car by VIN 123456	1528107848332	1528107848338	OK	 
REQUEST	Car Search	48		Get Car by VIN 123456	1528107848322	1528107848338	OK	 
REQUEST	Car Search	43		Get Car by VIN 456123	1528107848322	1528107848338	OK	 
REQUEST	Car Search	45		Get Car by VIN 654321	1528107848321	1528107848339	OK	 
REQUEST	Car Search	33		Get Car by VIN 456123	1528107848374	1528107848377	OK	 
REQUEST	Car Search	40		Get Car by VIN 456123	1528107848374	1528107848378	OK	 
USER	Car Search	31	END	1528107833241	1528107848378
REQUEST	Car Search	35		Get Car by VIN 123456	1528107848379	1528107848384	OK	 
REQUEST	Car Search	36		Get Car by VIN 654321	1528107848378	1528107848387	OK	 
REQUEST	Car Search	38		Get Car by VIN 456123	1528107848379	1528107848389	OK	 
USER	Car Search	57	START	1528107848751	1528107848751
REQUEST	Car Search	57		get_all	1528107848752	1528107848756	OK	 
REQUEST	Car Search	57		Get Car by VIN 141451	1528107848757	1528107848759	KO	status.find.in(200,304,201,202,203,204,205,206,207,208,209), but actually found 404
REQUEST	Car Search	54		Get Car by VIN 141451	1528107848773	1528107848776	KO	status.find.in(200,304,201,202,203,204,205,206,207,208,209), but actually found 404
REQUEST	Car Search	49		Get Car by VIN 123456	1528107848788	1528107848791	OK	 
REQUEST	Car Search	47		Get Car by VIN 654321	1528107848798	1528107848802	OK	 
REQUEST	Car Search	52		Get Car by VIN 654321	1528107848798	1528107848802	OK	 
REQUEST	Car Search	44		Get Car by VIN 654321	1528107848819	1528107848823	OK	 
REQUEST	Car Search	39		Get Car by VIN 123456	1528107848819	1528107848824	OK	 
REQUEST	Car Search	42		Get Car by VIN 654321	1528107848830	1528107848833	OK	 
REQUEST	Car Search	37		Get Car by VIN 123456	1528107848840	1528107848842	OK	 
USER	Car Search	32	END	1528107833748	1528107848851
REQUEST	Car Search	34		Get Car by VIN 456123	1528107848851	1528107848854	OK	 
USER	Car Search	58	START	1528107849249	1528107849249
REQUEST	Car Search	58		get_all	1528107849250	1528107849255	OK	 
REQUEST	Car Search	58		Get Car by VIN 123456	1528107849255	1528107849258	OK	 
REQUEST	Car Search	56		Get Car by VIN 123456	1528107849282	1528107849284	OK	 
REQUEST	Car Search	55		Get Car by VIN 141451	1528107849281	1528107849284	KO	status.find.in(200,304,201,202,203,204,205,206,207,208,209), but actually found 404
REQUEST	Car Search	53		Get Car by VIN 456123	1528107849281	1528107849286	OK	 
REQUEST	Car Search	51		Get Car by VIN 141451	1528107849302	1528107849305	KO	status.find.in(200,304,201,202,203,204,205,206,207,208,209), but actually found 404
REQUEST	Car Search	46		Get Car by VIN 123456	1528107849313	1528107849317	OK	 
REQUEST	Car Search	50		Get Car by VIN 456123	1528107849313	1528107849317	OK	 
REQUEST	Car Search	48		Get Car by VIN 456123	1528107849334	1528107849337	OK	 
REQUEST	Car Search	41		Get Car by VIN 123456	1528107849338	1528107849342	OK	 
REQUEST	Car Search	45		Get Car by VIN 141451	1528107849339	1528107849342	KO	status.find.in(200,304,201,202,203,204,205,206,207,208,209), but actually found 404
REQUEST	Car Search	43		Get Car by VIN 456123	1528107849338	1528107849343	OK	 
REQUEST	Car Search	35		Get Car by VIN 654321	1528107849379	1528107849383	OK	 
USER	Car Search	33	END	1528107834250	1528107849391
REQUEST	Car Search	36		Get Car by VIN 456123	1528107849380	1528107849392	OK	 
REQUEST	Car Search	40		Get Car by VIN 654321	1528107849391	1528107849402	OK	 
REQUEST	Car Search	38		Get Car by VIN 654321	1528107849391	1528107849405	OK	 
USER	Car Search	59	START	1528107849748	1528107849748
REQUEST	Car Search	59		get_all	1528107849748	1528107849753	OK	 
REQUEST	Car Search	59		Get Car by VIN 456123	1528107849753	1528107849756	OK	 
REQUEST	Car Search	54		Get Car by VIN 654321	1528107849759	1528107849762	OK	 
REQUEST	Car Search	57		Get Car by VIN 141451	1528107849769	1528107849772	KO	status.find.in(200,304,201,202,203,204,205,206,207,208,209), but actually found 404
REQUEST	Car Search	49		Get Car by VIN 123456	1528107849789	1528107849793	OK	 
REQUEST	Car Search	52		Get Car by VIN 141451	1528107849801	1528107849803	KO	status.find.in(200,304,201,202,203,204,205,206,207,208,209), but actually found 404
REQUEST	Car Search	47		Get Car by VIN 123456	1528107849811	1528107849814	OK	 
REQUEST	Car Search	42		Get Car by VIN 123456	1528107849832	1528107849836	OK	 
REQUEST	Car Search	44		Get Car by VIN 123456	1528107849833	1528107849836	OK	 
REQUEST	Car Search	39		Get Car by VIN 141451	1528107849843	1528107849846	KO	status.find.in(200,304,201,202,203,204,205,206,207,208,209), but actually found 404
USER	Car Search	34	END	1528107834748	1528107849858
REQUEST	Car Search	37		Get Car by VIN 456123	1528107849858	1528107849861	OK	 
USER	Car Search	60	START	1528107850248	1528107850248
REQUEST	Car Search	60		get_all	1528107850248	1528107850253	OK	 
REQUEST	Car Search	60		Get Car by VIN 141451	1528107850253	1528107850256	KO	status.find.in(200,304,201,202,203,204,205,206,207,208,209), but actually found 404
REQUEST	Car Search	58		Get Car by VIN 141451	1528107850269	1528107850272	KO	status.find.in(200,304,201,202,203,204,205,206,207,208,209), but actually found 404
REQUEST	Car Search	55		Get Car by VIN 123456	1528107850280	1528107850286	OK	 
REQUEST	Car Search	56		Get Car by VIN 654321	1528107850290	1528107850297	OK	 
REQUEST	Car Search	53		Get Car by VIN 141451	1528107850291	1528107850297	KO	status.find.in(200,304,201,202,203,204,205,206,207,208,209), but actually found 404
REQUEST	Car Search	51		Get Car by VIN 141451	1528107850301	1528107850305	KO	status.find.in(200,304,201,202,203,204,205,206,207,208,209), but actually found 404
REQUEST	Car Search	46		Get Car by VIN 123456	1528107850311	1528107850314	OK	 
REQUEST	Car Search	50		Get Car by VIN 123456	1528107850311	1528107850325	OK	 
REQUEST	Car Search	41		Get Car by VIN 123456	1528107850332	1528107850336	OK	 
REQUEST	Car Search	48		Get Car by VIN 456123	1528107850332	1528107850338	OK	 
REQUEST	Car Search	45		Get Car by VIN 123456	1528107850342	1528107850345	OK	 
REQUEST	Car Search	43		Get Car by VIN 654321	1528107850342	1528107850348	OK	 
USER	Car Search	35	END	1528107835251	1528107850398
REQUEST	Car Search	36		Get Car by VIN 654321	1528107850398	1528107850412	OK	 
REQUEST	Car Search	40		Get Car by VIN 456123	1528107850399	1528107850416	OK	 
REQUEST	Car Search	38		Get Car by VIN 654321	1528107850409	1528107850416	OK	 
REQUEST	Car Search	59		Get Car by VIN 654321	1528107850769	1528107850772	OK	 
REQUEST	Car Search	57		Get Car by VIN 123456	1528107850780	1528107850783	OK	 
REQUEST	Car Search	54		Get Car by VIN 654321	1528107850780	1528107850784	OK	 
REQUEST	Car Search	49		Get Car by VIN 456123	1528107850801	1528107850804	OK	 
REQUEST	Car Search	47		Get Car by VIN 141451	1528107850812	1528107850815	KO	status.find.in(200,304,201,202,203,204,205,206,207,208,209), but actually found 404
REQUEST	Car Search	52		Get Car by VIN 654321	1528107850812	1528107850817	OK	 
REQUEST	Car Search	44		Get Car by VIN 456123	1528107850832	1528107850835	OK	 
REQUEST	Car Search	39		Get Car by VIN 123456	1528107850832	1528107850837	OK	 
REQUEST	Car Search	42		Get Car by VIN 141451	1528107850843	1528107850845	KO	status.find.in(200,304,201,202,203,204,205,206,207,208,209), but actually found 404
REQUEST	Car Search	37		Get Car by VIN 141451	1528107850853	1528107850855	KO	status.find.in(200,304,201,202,203,204,205,206,207,208,209), but actually found 404
REQUEST	Car Search	60		Get Car by VIN 141451	1528107851273	1528107851277	KO	status.find.in(200,304,201,202,203,204,205,206,207,208,209), but actually found 404
REQUEST	Car Search	58		Get Car by VIN 654321	1528107851278	1528107851283	OK	 
REQUEST	Car Search	55		Get Car by VIN 123456	1528107851278	1528107851284	OK	 
REQUEST	Car Search	56		Get Car by VIN 123456	1528107851288	1528107851291	OK	 
REQUEST	Car Search	53		Get Car by VIN 123456	1528107851299	1528107851302	OK	 
REQUEST	Car Search	51		Get Car by VIN 654321	1528107851310	1528107851316	OK	 
REQUEST	Car Search	50		Get Car by VIN 123456	1528107851320	1528107851327	OK	 
REQUEST	Car Search	46		Get Car by VIN 141451	1528107851320	1528107851327	KO	status.find.in(200,304,201,202,203,204,205,206,207,208,209), but actually found 404
REQUEST	Car Search	48		Get Car by VIN 141451	1528107851341	1528107851344	KO	status.find.in(200,304,201,202,203,204,205,206,207,208,209), but actually found 404
REQUEST	Car Search	45		Get Car by VIN 123456	1528107851352	1528107851355	OK	 
REQUEST	Car Search	41		Get Car by VIN 654321	1528107851352	1528107851355	OK	 
REQUEST	Car Search	43		Get Car by VIN 141451	1528107851353	1528107851356	KO	status.find.in(200,304,201,202,203,204,205,206,207,208,209), but actually found 404
USER	Car Search	36	END	1528107836248	1528107851419
REQUEST	Car Search	40		Get Car by VIN 123456	1528107851419	1528107851425	OK	 
REQUEST	Car Search	38		Get Car by VIN 654321	1528107851419	1528107851426	OK	 
REQUEST	Car Search	59		Get Car by VIN 654321	1528107851783	1528107851785	OK	 
REQUEST	Car Search	54		Get Car by VIN 456123	1528107851782	1528107851786	OK	 
REQUEST	Car Search	57		Get Car by VIN 123456	1528107851794	1528107851797	OK	 
REQUEST	Car Search	47		Get Car by VIN 456123	1528107851808	1528107851812	OK	 
REQUEST	Car Search	49		Get Car by VIN 123456	1528107851809	1528107851813	OK	 
REQUEST	Car Search	52		Get Car by VIN 456123	1528107851809	1528107851814	OK	 
REQUEST	Car Search	44		Get Car by VIN 141451	1528107851840	1528107851842	KO	status.find.in(200,304,201,202,203,204,205,206,207,208,209), but actually found 404
REQUEST	Car Search	42		Get Car by VIN 456123	1528107851839	1528107851843	OK	 
REQUEST	Car Search	39		Get Car by VIN 654321	1528107851851	1528107851854	OK	 
USER	Car Search	37	END	1528107836752	1528107851861
REQUEST	Car Search	60		Get Car by VIN 141451	1528107852273	1528107852277	KO	status.find.in(200,304,201,202,203,204,205,206,207,208,209), but actually found 404
REQUEST	Car Search	55		Get Car by VIN 123456	1528107852288	1528107852292	OK	 
REQUEST	Car Search	58		Get Car by VIN 123456	1528107852288	1528107852292	OK	 
REQUEST	Car Search	56		Get Car by VIN 456123	1528107852299	1528107852303	OK	 
REQUEST	Car Search	53		Get Car by VIN 654321	1528107852309	1528107852312	OK	 
REQUEST	Car Search	51		Get Car by VIN 654321	1528107852309	1528107852313	OK	 
REQUEST	Car Search	46		Get Car by VIN 654321	1528107852320	1528107852330	OK	 
REQUEST	Car Search	50		Get Car by VIN 654321	1528107852331	1528107852335	OK	 
REQUEST	Car Search	48		Get Car by VIN 123456	1528107852352	1528107852357	OK	 
REQUEST	Car Search	41		Get Car by VIN 654321	1528107852352	1528107852358	OK	 
REQUEST	Car Search	43		Get Car by VIN 123456	1528107852353	1528107852359	OK	 
REQUEST	Car Search	45		Get Car by VIN 456123	1528107852353	1528107852359	OK	 
USER	Car Search	38	END	1528107837248	1528107852420
REQUEST	Car Search	40		Get Car by VIN 456123	1528107852420	1528107852423	OK	 
REQUEST	Car Search	59		Get Car by VIN 123456	1528107852778	1528107852786	OK	 
REQUEST	Car Search	54		Get Car by VIN 654321	1528107852780	1528107852789	OK	 
REQUEST	Car Search	57		Get Car by VIN 456123	1528107852781	1528107852794	OK	 
REQUEST	Car Search	49		Get Car by VIN 654321	1528107852812	1528107852815	OK	 
REQUEST	Car Search	47		Get Car by VIN 654321	1528107852823	1528107852826	OK	 
REQUEST	Car Search	52		Get Car by VIN 654321	1528107852822	1528107852826	OK	 
REQUEST	Car Search	44		Get Car by VIN 456123	1528107852838	1528107852840	OK	 
USER	Car Search	39	END	1528107837739	1528107852848
REQUEST	Car Search	42		Get Car by VIN 456123	1528107852848	1528107852852	OK	 
REQUEST	Car Search	60		Get Car by VIN 141451	1528107853272	1528107853280	KO	status.find.in(200,304,201,202,203,204,205,206,207,208,209), but actually found 404
REQUEST	Car Search	58		Get Car by VIN 123456	1528107853288	1528107853292	OK	 
REQUEST	Car Search	56		Get Car by VIN 456123	1528107853299	1528107853302	OK	 
REQUEST	Car Search	55		Get Car by VIN 123456	1528107853300	1528107853304	OK	 
REQUEST	Car Search	53		Get Car by VIN 654321	1528107853310	1528107853313	OK	 
REQUEST	Car Search	51		Get Car by VIN 654321	1528107853321	1528107853324	OK	 
REQUEST	Car Search	46		Get Car by VIN 456123	1528107853331	1528107853338	OK	 
REQUEST	Car Search	50		Get Car by VIN 141451	1528107853341	1528107853344	KO	status.find.in(200,304,201,202,203,204,205,206,207,208,209), but actually found 404
REQUEST	Car Search	45		Get Car by VIN 456123	1528107853353	1528107853358	OK	 
REQUEST	Car Search	41		Get Car by VIN 456123	1528107853353	1528107853358	OK	 
REQUEST	Car Search	48		Get Car by VIN 654321	1528107853352	1528107853359	OK	 
REQUEST	Car Search	43		Get Car by VIN 123456	1528107853363	1528107853366	OK	 
USER	Car Search	40	END	1528107838243	1528107853428
REQUEST	Car Search	54		Get Car by VIN 456123	1528107853793	1528107853799	OK	 
REQUEST	Car Search	59		Get Car by VIN 456123	1528107853793	1528107853799	OK	 
REQUEST	Car Search	49		Get Car by VIN 123456	1528107853809	1528107853812	OK	 
REQUEST	Car Search	57		Get Car by VIN 456123	1528107853808	1528107853813	OK	 
REQUEST	Car Search	52		Get Car by VIN 456123	1528107853818	1528107853821	OK	 
REQUEST	Car Search	47		Get Car by VIN 141451	1528107853818	1528107853821	KO	status.find.in(200,304,201,202,203,204,205,206,207,208,209), but actually found 404
REQUEST	Car Search	44		Get Car by VIN 123456	1528107853838	1528107853841	OK	 
REQUEST	Car Search	42		Get Car by VIN 123456	1528107853838	1528107853842	OK	 
REQUEST	Car Search	60		Get Car by VIN 456123	1528107854290	1528107854298	OK	 
REQUEST	Car Search	58		Get Car by VIN 654321	1528107854300	1528107854305	OK	 
REQUEST	Car Search	55		Get Car by VIN 654321	1528107854300	1528107854309	OK	 
REQUEST	Car Search	53		Get Car by VIN 123456	1528107854311	1528107854315	OK	 
REQUEST	Car Search	56		Get Car by VIN 141451	1528107854311	1528107854315	KO	status.find.in(200,304,201,202,203,204,205,206,207,208,209), but actually found 404
REQUEST	Car Search	51		Get Car by VIN 141451	1528107854321	1528107854323	KO	status.find.in(200,304,201,202,203,204,205,206,207,208,209), but actually found 404
REQUEST	Car Search	46		Get Car by VIN 456123	1528107854342	1528107854346	OK	 
REQUEST	Car Search	50		Get Car by VIN 456123	1528107854342	1528107854347	OK	 
USER	Car Search	41	END	1528107839249	1528107854363
REQUEST	Car Search	48		Get Car by VIN 456123	1528107854363	1528107854367	OK	 
REQUEST	Car Search	45		Get Car by VIN 456123	1528107854363	1528107854367	OK	 
REQUEST	Car Search	43		Get Car by VIN 456123	1528107854388	1528107854391	OK	 
REQUEST	Car Search	59		Get Car by VIN 654321	1528107854792	1528107854795	OK	 
REQUEST	Car Search	57		Get Car by VIN 123456	1528107854803	1528107854809	OK	 
REQUEST	Car Search	54		Get Car by VIN 141451	1528107854803	1528107854809	KO	status.find.in(200,304,201,202,203,204,205,206,207,208,209), but actually found 404
REQUEST	Car Search	49		Get Car by VIN 654321	1528107854813	1528107854816	OK	 
REQUEST	Car Search	47		Get Car by VIN 654321	1528107854823	1528107854830	OK	 
REQUEST	Car Search	52		Get Car by VIN 654321	1528107854823	1528107854830	OK	 
USER	Car Search	42	END	1528107839750	1528107854848
REQUEST	Car Search	44		Get Car by VIN 456123	1528107854848	1528107854851	OK	 
REQUEST	Car Search	60		Get Car by VIN 123456	1528107855298	1528107855302	OK	 
REQUEST	Car Search	58		Get Car by VIN 123456	1528107855298	1528107855302	OK	 
REQUEST	Car Search	55		Get Car by VIN 654321	1528107855309	1528107855313	OK	 
REQUEST	Car Search	56		Get Car by VIN 654321	1528107855309	1528107855316	OK	 
REQUEST	Car Search	53		Get Car by VIN 456123	1528107855320	1528107855323	OK	 
REQUEST	Car Search	51		Get Car by VIN 141451	1528107855330	1528107855333	KO	status.find.in(200,304,201,202,203,204,205,206,207,208,209), but actually found 404
REQUEST	Car Search	46		Get Car by VIN 141451	1528107855340	1528107855359	KO	status.find.in(200,304,201,202,203,204,205,206,207,208,209), but actually found 404
REQUEST	Car Search	50		Get Car by VIN 141451	1528107855340	1528107855359	KO	status.find.in(200,304,201,202,203,204,205,206,207,208,209), but actually found 404
REQUEST	Car Search	48		Get Car by VIN 456123	1528107855362	1528107855365	OK	 
REQUEST	Car Search	45		Get Car by VIN 456123	1528107855363	1528107855365	OK	 
USER	Car Search	43	END	1528107840249	1528107855388
REQUEST	Car Search	59		Get Car by VIN 654321	1528107855803	1528107855812	OK	 
REQUEST	Car Search	54		Get Car by VIN 123456	1528107855817	1528107855825	OK	 
REQUEST	Car Search	57		Get Car by VIN 141451	1528107855815	1528107855826	KO	status.find.in(200,304,201,202,203,204,205,206,207,208,209), but actually found 404
REQUEST	Car Search	49		Get Car by VIN 654321	1528107855818	1528107855827	OK	 
REQUEST	Car Search	52		Get Car by VIN 141451	1528107855819	1528107855831	KO	status.find.in(200,304,201,202,203,204,205,206,207,208,209), but actually found 404
REQUEST	Car Search	47		Get Car by VIN 123456	1528107855829	1528107855834	OK	 
USER	Car Search	44	END	1528107840748	1528107855839
REQUEST	Car Search	58		Get Car by VIN 654321	1528107856312	1528107856316	OK	 
REQUEST	Car Search	56		Get Car by VIN 141451	1528107856312	1528107856317	KO	status.find.in(200,304,201,202,203,204,205,206,207,208,209), but actually found 404
REQUEST	Car Search	60		Get Car by VIN 654321	1528107856311	1528107856318	OK	 
REQUEST	Car Search	55		Get Car by VIN 654321	1528107856322	1528107856333	OK	 
REQUEST	Car Search	53		Get Car by VIN 141451	1528107856323	1528107856334	KO	status.find.in(200,304,201,202,203,204,205,206,207,208,209), but actually found 404
REQUEST	Car Search	51		Get Car by VIN 654321	1528107856334	1528107856343	OK	 
REQUEST	Car Search	50		Get Car by VIN 654321	1528107856358	1528107856363	OK	 
REQUEST	Car Search	46		Get Car by VIN 123456	1528107856359	1528107856363	OK	 
USER	Car Search	45	END	1528107841252	1528107856370
REQUEST	Car Search	48		Get Car by VIN 654321	1528107856369	1528107856373	OK	 
REQUEST	Car Search	59		Get Car by VIN 123456	1528107856801	1528107856805	OK	 
REQUEST	Car Search	54		Get Car by VIN 141451	1528107856822	1528107856826	KO	status.find.in(200,304,201,202,203,204,205,206,207,208,209), but actually found 404
REQUEST	Car Search	49		Get Car by VIN 123456	1528107856833	1528107856837	OK	 
REQUEST	Car Search	57		Get Car by VIN 141451	1528107856832	1528107856837	KO	status.find.in(200,304,201,202,203,204,205,206,207,208,209), but actually found 404
REQUEST	Car Search	47		Get Car by VIN 654321	1528107856842	1528107856845	OK	 
REQUEST	Car Search	52		Get Car by VIN 456123	1528107856852	1528107856856	OK	 
REQUEST	Car Search	60		Get Car by VIN 123456	1528107857308	1528107857318	OK	 
REQUEST	Car Search	58		Get Car by VIN 456123	1528107857309	1528107857318	OK	 
REQUEST	Car Search	56		Get Car by VIN 654321	1528107857319	1528107857326	OK	 
REQUEST	Car Search	55		Get Car by VIN 654321	1528107857330	1528107857333	OK	 
REQUEST	Car Search	53		Get Car by VIN 654321	1528107857330	1528107857335	OK	 
REQUEST	Car Search	51		Get Car by VIN 141451	1528107857342	1528107857345	KO	status.find.in(200,304,201,202,203,204,205,206,207,208,209), but actually found 404
USER	Car Search	46	END	1528107842249	1528107857374
REQUEST	Car Search	48		Get Car by VIN 123456	1528107857374	1528107857377	OK	 
REQUEST	Car Search	50		Get Car by VIN 654321	1528107857374	1528107857377	OK	 
REQUEST	Car Search	59		Get Car by VIN 123456	1528107857813	1528107857820	OK	 
REQUEST	Car Search	54		Get Car by VIN 654321	1528107857829	1528107857837	OK	 
USER	Car Search	47	END	1528107842748	1528107857839
REQUEST	Car Search	57		Get Car by VIN 456123	1528107857830	1528107857845	OK	 
REQUEST	Car Search	49		Get Car by VIN 123456	1528107857828	1528107857846	OK	 
REQUEST	Car Search	52		Get Car by VIN 141451	1528107857850	1528107857853	KO	status.find.in(200,304,201,202,203,204,205,206,207,208,209), but actually found 404
REQUEST	Car Search	58		Get Car by VIN 654321	1528107858312	1528107858326	OK	 
REQUEST	Car Search	60		Get Car by VIN 123456	1528107858323	1528107858334	OK	 
REQUEST	Car Search	56		Get Car by VIN 654321	1528107858329	1528107858339	OK	 
REQUEST	Car Search	55		Get Car by VIN 654321	1528107858328	1528107858339	OK	 
REQUEST	Car Search	51		Get Car by VIN 141451	1528107858340	1528107858343	KO	status.find.in(200,304,201,202,203,204,205,206,207,208,209), but actually found 404
REQUEST	Car Search	53		Get Car by VIN 654321	1528107858339	1528107858343	OK	 
USER	Car Search	48	END	1528107843252	1528107858360
REQUEST	Car Search	50		Get Car by VIN 123456	1528107858360	1528107858376	OK	 
REQUEST	Car Search	59		Get Car by VIN 141451	1528107858822	1528107858826	KO	status.find.in(200,304,201,202,203,204,205,206,207,208,209), but actually found 404
REQUEST	Car Search	54		Get Car by VIN 654321	1528107858832	1528107858838	OK	 
USER	Car Search	49	END	1528107843748	1528107858848
REQUEST	Car Search	52		Get Car by VIN 456123	1528107858848	1528107858852	OK	 
REQUEST	Car Search	57		Get Car by VIN 141451	1528107858848	1528107858852	KO	status.find.in(200,304,201,202,203,204,205,206,207,208,209), but actually found 404
REQUEST	Car Search	58		Get Car by VIN 456123	1528107859321	1528107859326	OK	 
REQUEST	Car Search	60		Get Car by VIN 456123	1528107859332	1528107859334	OK	 
REQUEST	Car Search	56		Get Car by VIN 456123	1528107859343	1528107859351	OK	 
REQUEST	Car Search	53		Get Car by VIN 654321	1528107859343	1528107859352	OK	 
REQUEST	Car Search	55		Get Car by VIN 654321	1528107859342	1528107859352	OK	 
REQUEST	Car Search	51		Get Car by VIN 456123	1528107859354	1528107859357	OK	 
USER	Car Search	50	END	1528107844253	1528107859388
REQUEST	Car Search	59		Get Car by VIN 123456	1528107859823	1528107859828	OK	 
REQUEST	Car Search	54		Get Car by VIN 654321	1528107859838	1528107859844	OK	 
REQUEST	Car Search	52		Get Car by VIN 456123	1528107859858	1528107859861	OK	 
REQUEST	Car Search	57		Get Car by VIN 654321	1528107859858	1528107859861	OK	 
REQUEST	Car Search	60		Get Car by VIN 123456	1528107860330	1528107860333	OK	 
USER	Car Search	51	END	1528107845249	1528107860340
REQUEST	Car Search	58		Get Car by VIN 654321	1528107860340	1528107860358	OK	 
REQUEST	Car Search	56		Get Car by VIN 654321	1528107860341	1528107860358	OK	 
REQUEST	Car Search	55		Get Car by VIN 456123	1528107860342	1528107860358	OK	 
REQUEST	Car Search	53		Get Car by VIN 141451	1528107860341	1528107860358	KO	status.find.in(200,304,201,202,203,204,205,206,207,208,209), but actually found 404
REQUEST	Car Search	59		Get Car by VIN 654321	1528107860831	1528107860835	OK	 
REQUEST	Car Search	54		Get Car by VIN 141451	1528107860842	1528107860844	KO	status.find.in(200,304,201,202,203,204,205,206,207,208,209), but actually found 404
USER	Car Search	52	END	1528107845753	1528107860852
REQUEST	Car Search	57		Get Car by VIN 123456	1528107860852	1528107860861	OK	 
REQUEST	Car Search	60		Get Car by VIN 141451	1528107861340	1528107861343	KO	status.find.in(200,304,201,202,203,204,205,206,207,208,209), but actually found 404
REQUEST	Car Search	58		Get Car by VIN 456123	1528107861351	1528107861354	OK	 
REQUEST	Car Search	56		Get Car by VIN 141451	1528107861361	1528107861368	KO	status.find.in(200,304,201,202,203,204,205,206,207,208,209), but actually found 404
REQUEST	Car Search	55		Get Car by VIN 123456	1528107861362	1528107861371	OK	 
USER	Car Search	53	END	1528107846248	1528107861372
REQUEST	Car Search	59		Get Car by VIN 456123	1528107861830	1528107861835	OK	 
USER	Car Search	54	END	1528107846738	1528107861852
REQUEST	Car Search	57		Get Car by VIN 123456	1528107861862	1528107861866	OK	 
REQUEST	Car Search	60		Get Car by VIN 123456	1528107862340	1528107862343	OK	 
REQUEST	Car Search	58		Get Car by VIN 456123	1528107862361	1528107862372	OK	 
USER	Car Search	55	END	1528107847238	1528107862372
REQUEST	Car Search	56		Get Car by VIN 456123	1528107862372	1528107862383	OK	 
REQUEST	Car Search	59		Get Car by VIN 141451	1528107862842	1528107862845	KO	status.find.in(200,304,201,202,203,204,205,206,207,208,209), but actually found 404
REQUEST	Car Search	57		Get Car by VIN 141451	1528107862873	1528107862876	KO	status.find.in(200,304,201,202,203,204,205,206,207,208,209), but actually found 404
REQUEST	Car Search	60		Get Car by VIN 141451	1528107863342	1528107863345	KO	status.find.in(200,304,201,202,203,204,205,206,207,208,209), but actually found 404
REQUEST	Car Search	58		Get Car by VIN 141451	1528107863362	1528107863365	KO	status.find.in(200,304,201,202,203,204,205,206,207,208,209), but actually found 404
USER	Car Search	56	END	1528107848251	1528107863388
REQUEST	Car Search	59		Get Car by VIN 654321	1528107863840	1528107863859	OK	 
USER	Car Search	57	END	1528107848751	1528107863882
REQUEST	Car Search	60		Get Car by VIN 141451	1528107864353	1528107864355	KO	status.find.in(200,304,201,202,203,204,205,206,207,208,209), but actually found 404
USER	Car Search	58	END	1528107849249	1528107864368
USER	Car Search	59	END	1528107849748	1528107864864
USER	Car Search	60	END	1528107850248	1528107865349
